2026-04-14 21:29:45 -05:00: Error al iniciar el microservicio: Error: listen EADDRINUSE: address already in use 0.0.0.0:3030
2026-04-14 21:29:45 -05:00:     at Server.setupListenHandle [as _listen2] (node:net:1948:16)
2026-04-14 21:29:45 -05:00:     at listenInCluster (node:net:2005:12)
2026-04-14 21:29:45 -05:00:     at node:net:2214:7
2026-04-14 21:29:45 -05:00:     at process.processTicksAndRejections (node:internal/process/task_queues:90:21) {
2026-04-14 21:29:45 -05:00:   code: 'EADDRINUSE',
2026-04-14 21:29:45 -05:00:   errno: -4091,
2026-04-14 21:29:45 -05:00:   syscall: 'listen',
2026-04-14 21:29:45 -05:00:   address: '0.0.0.0',
2026-04-14 21:29:45 -05:00:   port: 3030
2026-04-14 21:29:45 -05:00: }
2026-04-14 21:29:47 -05:00: Error al iniciar el microservicio: Error: listen EADDRINUSE: address already in use 0.0.0.0:3030
2026-04-14 21:29:47 -05:00:     at Server.setupListenHandle [as _listen2] (node:net:1948:16)
2026-04-14 21:29:47 -05:00:     at listenInCluster (node:net:2005:12)
2026-04-14 21:29:47 -05:00:     at node:net:2214:7
2026-04-14 21:29:47 -05:00:     at process.processTicksAndRejections (node:internal/process/task_queues:90:21) {
2026-04-14 21:29:47 -05:00:   code: 'EADDRINUSE',
2026-04-14 21:29:47 -05:00:   errno: -4091,
2026-04-14 21:29:47 -05:00:   syscall: 'listen',
2026-04-14 21:29:47 -05:00:   address: '0.0.0.0',
2026-04-14 21:29:47 -05:00:   port: 3030
2026-04-14 21:29:47 -05:00: }
2026-04-14 21:29:51 -05:00: Error al iniciar el microservicio: Error: listen EADDRINUSE: address already in use 0.0.0.0:3030
2026-04-14 21:29:51 -05:00:     at Server.setupListenHandle [as _listen2] (node:net:1948:16)
2026-04-14 21:29:51 -05:00:     at listenInCluster (node:net:2005:12)
2026-04-14 21:29:51 -05:00:     at node:net:2214:7
2026-04-14 21:29:51 -05:00:     at process.processTicksAndRejections (node:internal/process/task_queues:90:21) {
2026-04-14 21:29:51 -05:00:   code: 'EADDRINUSE',
2026-04-14 21:29:51 -05:00:   errno: -4091,
2026-04-14 21:29:51 -05:00:   syscall: 'listen',
2026-04-14 21:29:51 -05:00:   address: '0.0.0.0',
2026-04-14 21:29:51 -05:00:   port: 3030
2026-04-14 21:29:51 -05:00: }
2026-04-14 21:29:54 -05:00: Error al iniciar el microservicio: Error: listen EADDRINUSE: address already in use 0.0.0.0:3030
2026-04-14 21:29:54 -05:00:     at Server.setupListenHandle [as _listen2] (node:net:1948:16)
2026-04-14 21:29:54 -05:00:     at listenInCluster (node:net:2005:12)
2026-04-14 21:29:54 -05:00:     at node:net:2214:7
2026-04-14 21:29:54 -05:00:     at process.processTicksAndRejections (node:internal/process/task_queues:90:21) {
2026-04-14 21:29:54 -05:00:   code: 'EADDRINUSE',
2026-04-14 21:29:54 -05:00:   errno: -4091,
2026-04-14 21:29:54 -05:00:   syscall: 'listen',
2026-04-14 21:29:54 -05:00:   address: '0.0.0.0',
2026-04-14 21:29:54 -05:00:   port: 3030
2026-04-14 21:29:54 -05:00: }
2026-04-14 21:29:56 -05:00: Error al iniciar el microservicio: Error: listen EADDRINUSE: address already in use 0.0.0.0:3030
2026-04-14 21:29:56 -05:00:     at Server.setupListenHandle [as _listen2] (node:net:1948:16)
2026-04-14 21:29:56 -05:00:     at listenInCluster (node:net:2005:12)
2026-04-14 21:29:56 -05:00:     at node:net:2214:7
2026-04-14 21:29:56 -05:00:     at process.processTicksAndRejections (node:internal/process/task_queues:90:21) {
2026-04-14 21:29:56 -05:00:   code: 'EADDRINUSE',
2026-04-14 21:29:56 -05:00:   errno: -4091,
2026-04-14 21:29:56 -05:00:   syscall: 'listen',
2026-04-14 21:29:56 -05:00:   address: '0.0.0.0',
2026-04-14 21:29:56 -05:00:   port: 3030
2026-04-14 21:29:56 -05:00: }
2026-04-14 21:29:57 -05:00: Error al iniciar el microservicio: Error: listen EADDRINUSE: address already in use 0.0.0.0:3030
2026-04-14 21:29:57 -05:00:     at Server.setupListenHandle [as _listen2] (node:net:1948:16)
2026-04-14 21:29:57 -05:00:     at listenInCluster (node:net:2005:12)
2026-04-14 21:29:57 -05:00:     at node:net:2214:7
2026-04-14 21:29:57 -05:00:     at process.processTicksAndRejections (node:internal/process/task_queues:90:21) {
2026-04-14 21:29:57 -05:00:   code: 'EADDRINUSE',
2026-04-14 21:29:57 -05:00:   errno: -4091,
2026-04-14 21:29:57 -05:00:   syscall: 'listen',
2026-04-14 21:29:57 -05:00:   address: '0.0.0.0',
2026-04-14 21:29:57 -05:00:   port: 3030
2026-04-14 21:29:57 -05:00: }
2026-04-14 21:30:00 -05:00: Error al iniciar el microservicio: Error: listen EADDRINUSE: address already in use 0.0.0.0:3030
2026-04-14 21:30:00 -05:00:     at Server.setupListenHandle [as _listen2] (node:net:1948:16)
2026-04-14 21:30:00 -05:00:     at listenInCluster (node:net:2005:12)
2026-04-14 21:30:00 -05:00:     at node:net:2214:7
2026-04-14 21:30:00 -05:00:     at process.processTicksAndRejections (node:internal/process/task_queues:90:21) {
2026-04-14 21:30:00 -05:00:   code: 'EADDRINUSE',
2026-04-14 21:30:00 -05:00:   errno: -4091,
2026-04-14 21:30:00 -05:00:   syscall: 'listen',
2026-04-14 21:30:00 -05:00:   address: '0.0.0.0',
2026-04-14 21:30:00 -05:00:   port: 3030
2026-04-14 21:30:00 -05:00: }
2026-04-14 21:30:01 -05:00: Error al iniciar el microservicio: Error: listen EADDRINUSE: address already in use 0.0.0.0:3030
2026-04-14 21:30:01 -05:00:     at Server.setupListenHandle [as _listen2] (node:net:1948:16)
2026-04-14 21:30:01 -05:00:     at listenInCluster (node:net:2005:12)
2026-04-14 21:30:01 -05:00:     at node:net:2214:7
2026-04-14 21:30:01 -05:00:     at process.processTicksAndRejections (node:internal/process/task_queues:90:21) {
2026-04-14 21:30:01 -05:00:   code: 'EADDRINUSE',
2026-04-14 21:30:01 -05:00:   errno: -4091,
2026-04-14 21:30:01 -05:00:   syscall: 'listen',
2026-04-14 21:30:01 -05:00:   address: '0.0.0.0',
2026-04-14 21:30:01 -05:00:   port: 3030
2026-04-14 21:30:01 -05:00: }
2026-04-14 21:30:03 -05:00: Error al iniciar el microservicio: Error: listen EADDRINUSE: address already in use 0.0.0.0:3030
2026-04-14 21:30:03 -05:00:     at Server.setupListenHandle [as _listen2] (node:net:1948:16)
2026-04-14 21:30:03 -05:00:     at listenInCluster (node:net:2005:12)
2026-04-14 21:30:03 -05:00:     at node:net:2214:7
2026-04-14 21:30:03 -05:00:     at process.processTicksAndRejections (node:internal/process/task_queues:90:21) {
2026-04-14 21:30:03 -05:00:   code: 'EADDRINUSE',
2026-04-14 21:30:03 -05:00:   errno: -4091,
2026-04-14 21:30:03 -05:00:   syscall: 'listen',
2026-04-14 21:30:03 -05:00:   address: '0.0.0.0',
2026-04-14 21:30:03 -05:00:   port: 3030
2026-04-14 21:30:03 -05:00: }
2026-04-14 21:30:06 -05:00: Error al iniciar el microservicio: Error: listen EADDRINUSE: address already in use 0.0.0.0:3030
2026-04-14 21:30:06 -05:00:     at Server.setupListenHandle [as _listen2] (node:net:1948:16)
2026-04-14 21:30:06 -05:00:     at listenInCluster (node:net:2005:12)
2026-04-14 21:30:06 -05:00:     at node:net:2214:7
2026-04-14 21:30:06 -05:00:     at process.processTicksAndRejections (node:internal/process/task_queues:90:21) {
2026-04-14 21:30:06 -05:00:   code: 'EADDRINUSE',
2026-04-14 21:30:06 -05:00:   errno: -4091,
2026-04-14 21:30:06 -05:00:   syscall: 'listen',
2026-04-14 21:30:06 -05:00:   address: '0.0.0.0',
2026-04-14 21:30:06 -05:00:   port: 3030
2026-04-14 21:30:06 -05:00: }
2026-04-14 21:30:08 -05:00: Error al iniciar el microservicio: Error: listen EADDRINUSE: address already in use 0.0.0.0:3030
2026-04-14 21:30:08 -05:00:     at Server.setupListenHandle [as _listen2] (node:net:1948:16)
2026-04-14 21:30:08 -05:00:     at listenInCluster (node:net:2005:12)
2026-04-14 21:30:08 -05:00:     at node:net:2214:7
2026-04-14 21:30:08 -05:00:     at process.processTicksAndRejections (node:internal/process/task_queues:90:21) {
2026-04-14 21:30:08 -05:00:   code: 'EADDRINUSE',
2026-04-14 21:30:08 -05:00:   errno: -4091,
2026-04-14 21:30:08 -05:00:   syscall: 'listen',
2026-04-14 21:30:08 -05:00:   address: '0.0.0.0',
2026-04-14 21:30:08 -05:00:   port: 3030
2026-04-14 21:30:08 -05:00: }
2026-04-14 21:30:10 -05:00: Error al iniciar el microservicio: Error: listen EADDRINUSE: address already in use 0.0.0.0:3030
2026-04-14 21:30:10 -05:00:     at Server.setupListenHandle [as _listen2] (node:net:1948:16)
2026-04-14 21:30:10 -05:00:     at listenInCluster (node:net:2005:12)
2026-04-14 21:30:10 -05:00:     at node:net:2214:7
2026-04-14 21:30:10 -05:00:     at process.processTicksAndRejections (node:internal/process/task_queues:90:21) {
2026-04-14 21:30:10 -05:00:   code: 'EADDRINUSE',
2026-04-14 21:30:10 -05:00:   errno: -4091,
2026-04-14 21:30:10 -05:00:   syscall: 'listen',
2026-04-14 21:30:10 -05:00:   address: '0.0.0.0',
2026-04-14 21:30:10 -05:00:   port: 3030
2026-04-14 21:30:10 -05:00: }
2026-04-14 21:30:11 -05:00: Error al iniciar el microservicio: Error: listen EADDRINUSE: address already in use 0.0.0.0:3030
2026-04-14 21:30:11 -05:00:     at Server.setupListenHandle [as _listen2] (node:net:1948:16)
2026-04-14 21:30:11 -05:00:     at listenInCluster (node:net:2005:12)
2026-04-14 21:30:11 -05:00:     at node:net:2214:7
2026-04-14 21:30:11 -05:00:     at process.processTicksAndRejections (node:internal/process/task_queues:90:21) {
2026-04-14 21:30:11 -05:00:   code: 'EADDRINUSE',
2026-04-14 21:30:11 -05:00:   errno: -4091,
2026-04-14 21:30:11 -05:00:   syscall: 'listen',
2026-04-14 21:30:11 -05:00:   address: '0.0.0.0',
2026-04-14 21:30:11 -05:00:   port: 3030
2026-04-14 21:30:11 -05:00: }
2026-04-14 21:30:13 -05:00: Error al iniciar el microservicio: Error: listen EADDRINUSE: address already in use 0.0.0.0:3030
2026-04-14 21:30:13 -05:00:     at Server.setupListenHandle [as _listen2] (node:net:1948:16)
2026-04-14 21:30:13 -05:00:     at listenInCluster (node:net:2005:12)
2026-04-14 21:30:13 -05:00:     at node:net:2214:7
2026-04-14 21:30:13 -05:00:     at process.processTicksAndRejections (node:internal/process/task_queues:90:21) {
2026-04-14 21:30:13 -05:00:   code: 'EADDRINUSE',
2026-04-14 21:30:13 -05:00:   errno: -4091,
2026-04-14 21:30:13 -05:00:   syscall: 'listen',
2026-04-14 21:30:13 -05:00:   address: '0.0.0.0',
2026-04-14 21:30:13 -05:00:   port: 3030
2026-04-14 21:30:13 -05:00: }
2026-04-14 21:30:15 -05:00: Error al iniciar el microservicio: Error: listen EADDRINUSE: address already in use 0.0.0.0:3030
2026-04-14 21:30:15 -05:00:     at Server.setupListenHandle [as _listen2] (node:net:1948:16)
2026-04-14 21:30:15 -05:00:     at listenInCluster (node:net:2005:12)
2026-04-14 21:30:15 -05:00:     at node:net:2214:7
2026-04-14 21:30:15 -05:00:     at process.processTicksAndRejections (node:internal/process/task_queues:90:21) {
2026-04-14 21:30:15 -05:00:   code: 'EADDRINUSE',
2026-04-14 21:30:15 -05:00:   errno: -4091,
2026-04-14 21:30:15 -05:00:   syscall: 'listen',
2026-04-14 21:30:15 -05:00:   address: '0.0.0.0',
2026-04-14 21:30:15 -05:00:   port: 3030
2026-04-14 21:30:15 -05:00: }
2026-04-14 21:30:17 -05:00: Error al iniciar el microservicio: Error: listen EADDRINUSE: address already in use 0.0.0.0:3030
2026-04-14 21:30:17 -05:00:     at Server.setupListenHandle [as _listen2] (node:net:1948:16)
2026-04-14 21:30:17 -05:00:     at listenInCluster (node:net:2005:12)
2026-04-14 21:30:17 -05:00:     at node:net:2214:7
2026-04-14 21:30:17 -05:00:     at process.processTicksAndRejections (node:internal/process/task_queues:90:21) {
2026-04-14 21:30:17 -05:00:   code: 'EADDRINUSE',
2026-04-14 21:30:17 -05:00:   errno: -4091,
2026-04-14 21:30:17 -05:00:   syscall: 'listen',
2026-04-14 21:30:17 -05:00:   address: '0.0.0.0',
2026-04-14 21:30:17 -05:00:   port: 3030
2026-04-14 21:30:17 -05:00: }
2026-04-14 21:30:18 -05:00: Error al iniciar el microservicio: Error: listen EADDRINUSE: address already in use 0.0.0.0:3030
2026-04-14 21:30:18 -05:00:     at Server.setupListenHandle [as _listen2] (node:net:1948:16)
2026-04-14 21:30:18 -05:00:     at listenInCluster (node:net:2005:12)
2026-04-14 21:30:18 -05:00:     at node:net:2214:7
2026-04-14 21:30:18 -05:00:     at process.processTicksAndRejections (node:internal/process/task_queues:90:21) {
2026-04-14 21:30:18 -05:00:   code: 'EADDRINUSE',
2026-04-14 21:30:18 -05:00:   errno: -4091,
2026-04-14 21:30:18 -05:00:   syscall: 'listen',
2026-04-14 21:30:18 -05:00:   address: '0.0.0.0',
2026-04-14 21:30:18 -05:00:   port: 3030
2026-04-14 21:30:18 -05:00: }
2026-04-14 21:30:20 -05:00: Error al iniciar el microservicio: Error: listen EADDRINUSE: address already in use 0.0.0.0:3030
2026-04-14 21:30:20 -05:00:     at Server.setupListenHandle [as _listen2] (node:net:1948:16)
2026-04-14 21:30:20 -05:00:     at listenInCluster (node:net:2005:12)
2026-04-14 21:30:20 -05:00:     at node:net:2214:7
2026-04-14 21:30:20 -05:00:     at process.processTicksAndRejections (node:internal/process/task_queues:90:21) {
2026-04-14 21:30:20 -05:00:   code: 'EADDRINUSE',
2026-04-14 21:30:20 -05:00:   errno: -4091,
2026-04-14 21:30:20 -05:00:   syscall: 'listen',
2026-04-14 21:30:20 -05:00:   address: '0.0.0.0',
2026-04-14 21:30:20 -05:00:   port: 3030
2026-04-14 21:30:20 -05:00: }
2026-04-14 21:30:22 -05:00: Error al iniciar el microservicio: Error: listen EADDRINUSE: address already in use 0.0.0.0:3030
2026-04-14 21:30:22 -05:00:     at Server.setupListenHandle [as _listen2] (node:net:1948:16)
2026-04-14 21:30:22 -05:00:     at listenInCluster (node:net:2005:12)
2026-04-14 21:30:22 -05:00:     at node:net:2214:7
2026-04-14 21:30:22 -05:00:     at process.processTicksAndRejections (node:internal/process/task_queues:90:21) {
2026-04-14 21:30:22 -05:00:   code: 'EADDRINUSE',
2026-04-14 21:30:22 -05:00:   errno: -4091,
2026-04-14 21:30:22 -05:00:   syscall: 'listen',
2026-04-14 21:30:22 -05:00:   address: '0.0.0.0',
2026-04-14 21:30:22 -05:00:   port: 3030
2026-04-14 21:30:22 -05:00: }
2026-04-14 21:30:23 -05:00: Error al iniciar el microservicio: Error: listen EADDRINUSE: address already in use 0.0.0.0:3030
2026-04-14 21:30:23 -05:00:     at Server.setupListenHandle [as _listen2] (node:net:1948:16)
2026-04-14 21:30:23 -05:00:     at listenInCluster (node:net:2005:12)
2026-04-14 21:30:23 -05:00:     at node:net:2214:7
2026-04-14 21:30:23 -05:00:     at process.processTicksAndRejections (node:internal/process/task_queues:90:21) {
2026-04-14 21:30:23 -05:00:   code: 'EADDRINUSE',
2026-04-14 21:30:23 -05:00:   errno: -4091,
2026-04-14 21:30:23 -05:00:   syscall: 'listen',
2026-04-14 21:30:23 -05:00:   address: '0.0.0.0',
2026-04-14 21:30:23 -05:00:   port: 3030
2026-04-14 21:30:23 -05:00: }
2026-04-14 21:30:25 -05:00: Error al iniciar el microservicio: Error: listen EADDRINUSE: address already in use 0.0.0.0:3030
2026-04-14 21:30:25 -05:00:     at Server.setupListenHandle [as _listen2] (node:net:1948:16)
2026-04-14 21:30:25 -05:00:     at listenInCluster (node:net:2005:12)
2026-04-14 21:30:25 -05:00:     at node:net:2214:7
2026-04-14 21:30:25 -05:00:     at process.processTicksAndRejections (node:internal/process/task_queues:90:21) {
2026-04-14 21:30:25 -05:00:   code: 'EADDRINUSE',
2026-04-14 21:30:25 -05:00:   errno: -4091,
2026-04-14 21:30:25 -05:00:   syscall: 'listen',
2026-04-14 21:30:25 -05:00:   address: '0.0.0.0',
2026-04-14 21:30:25 -05:00:   port: 3030
2026-04-14 21:30:25 -05:00: }
2026-04-14 21:30:27 -05:00: Error al iniciar el microservicio: Error: listen EADDRINUSE: address already in use 0.0.0.0:3030
2026-04-14 21:30:27 -05:00:     at Server.setupListenHandle [as _listen2] (node:net:1948:16)
2026-04-14 21:30:27 -05:00:     at listenInCluster (node:net:2005:12)
2026-04-14 21:30:27 -05:00:     at node:net:2214:7
2026-04-14 21:30:27 -05:00:     at process.processTicksAndRejections (node:internal/process/task_queues:90:21) {
2026-04-14 21:30:27 -05:00:   code: 'EADDRINUSE',
2026-04-14 21:30:27 -05:00:   errno: -4091,
2026-04-14 21:30:27 -05:00:   syscall: 'listen',
2026-04-14 21:30:27 -05:00:   address: '0.0.0.0',
2026-04-14 21:30:27 -05:00:   port: 3030
2026-04-14 21:30:27 -05:00: }
2026-04-14 21:30:29 -05:00: Error al iniciar el microservicio: Error: listen EADDRINUSE: address already in use 0.0.0.0:3030
2026-04-14 21:30:29 -05:00:     at Server.setupListenHandle [as _listen2] (node:net:1948:16)
2026-04-14 21:30:29 -05:00:     at listenInCluster (node:net:2005:12)
2026-04-14 21:30:29 -05:00:     at node:net:2214:7
2026-04-14 21:30:29 -05:00:     at process.processTicksAndRejections (node:internal/process/task_queues:90:21) {
2026-04-14 21:30:29 -05:00:   code: 'EADDRINUSE',
2026-04-14 21:30:29 -05:00:   errno: -4091,
2026-04-14 21:30:29 -05:00:   syscall: 'listen',
2026-04-14 21:30:29 -05:00:   address: '0.0.0.0',
2026-04-14 21:30:29 -05:00:   port: 3030
2026-04-14 21:30:29 -05:00: }
2026-04-14 21:30:30 -05:00: Error al iniciar el microservicio: Error: listen EADDRINUSE: address already in use 0.0.0.0:3030
2026-04-14 21:30:30 -05:00:     at Server.setupListenHandle [as _listen2] (node:net:1948:16)
2026-04-14 21:30:30 -05:00:     at listenInCluster (node:net:2005:12)
2026-04-14 21:30:30 -05:00:     at node:net:2214:7
2026-04-14 21:30:30 -05:00:     at process.processTicksAndRejections (node:internal/process/task_queues:90:21) {
2026-04-14 21:30:30 -05:00:   code: 'EADDRINUSE',
2026-04-14 21:30:30 -05:00:   errno: -4091,
2026-04-14 21:30:30 -05:00:   syscall: 'listen',
2026-04-14 21:30:30 -05:00:   address: '0.0.0.0',
2026-04-14 21:30:30 -05:00:   port: 3030
2026-04-14 21:30:30 -05:00: }
2026-04-14 21:30:32 -05:00: Error al iniciar el microservicio: Error: listen EADDRINUSE: address already in use 0.0.0.0:3030
2026-04-14 21:30:32 -05:00:     at Server.setupListenHandle [as _listen2] (node:net:1948:16)
2026-04-14 21:30:32 -05:00:     at listenInCluster (node:net:2005:12)
2026-04-14 21:30:32 -05:00:     at node:net:2214:7
2026-04-14 21:30:32 -05:00:     at process.processTicksAndRejections (node:internal/process/task_queues:90:21) {
2026-04-14 21:30:32 -05:00:   code: 'EADDRINUSE',
2026-04-14 21:30:32 -05:00:   errno: -4091,
2026-04-14 21:30:32 -05:00:   syscall: 'listen',
2026-04-14 21:30:32 -05:00:   address: '0.0.0.0',
2026-04-14 21:30:32 -05:00:   port: 3030
2026-04-14 21:30:32 -05:00: }
2026-04-14 21:30:33 -05:00: Error al iniciar el microservicio: Error: listen EADDRINUSE: address already in use 0.0.0.0:3030
2026-04-14 21:30:33 -05:00:     at Server.setupListenHandle [as _listen2] (node:net:1948:16)
2026-04-14 21:30:33 -05:00:     at listenInCluster (node:net:2005:12)
2026-04-14 21:30:33 -05:00:     at node:net:2214:7
2026-04-14 21:30:33 -05:00:     at process.processTicksAndRejections (node:internal/process/task_queues:90:21) {
2026-04-14 21:30:33 -05:00:   code: 'EADDRINUSE',
2026-04-14 21:30:33 -05:00:   errno: -4091,
2026-04-14 21:30:33 -05:00:   syscall: 'listen',
2026-04-14 21:30:33 -05:00:   address: '0.0.0.0',
2026-04-14 21:30:33 -05:00:   port: 3030
2026-04-14 21:30:33 -05:00: }
2026-04-14 21:30:35 -05:00: Error al iniciar el microservicio: Error: listen EADDRINUSE: address already in use 0.0.0.0:3030
2026-04-14 21:30:35 -05:00:     at Server.setupListenHandle [as _listen2] (node:net:1948:16)
2026-04-14 21:30:35 -05:00:     at listenInCluster (node:net:2005:12)
2026-04-14 21:30:35 -05:00:     at node:net:2214:7
2026-04-14 21:30:35 -05:00:     at process.processTicksAndRejections (node:internal/process/task_queues:90:21) {
2026-04-14 21:30:35 -05:00:   code: 'EADDRINUSE',
2026-04-14 21:30:35 -05:00:   errno: -4091,
2026-04-14 21:30:35 -05:00:   syscall: 'listen',
2026-04-14 21:30:35 -05:00:   address: '0.0.0.0',
2026-04-14 21:30:35 -05:00:   port: 3030
2026-04-14 21:30:35 -05:00: }
2026-04-14 21:30:36 -05:00: Error al iniciar el microservicio: Error: listen EADDRINUSE: address already in use 0.0.0.0:3030
2026-04-14 21:30:36 -05:00:     at Server.setupListenHandle [as _listen2] (node:net:1948:16)
2026-04-14 21:30:36 -05:00:     at listenInCluster (node:net:2005:12)
2026-04-14 21:30:36 -05:00:     at node:net:2214:7
2026-04-14 21:30:36 -05:00:     at process.processTicksAndRejections (node:internal/process/task_queues:90:21) {
2026-04-14 21:30:36 -05:00:   code: 'EADDRINUSE',
2026-04-14 21:30:36 -05:00:   errno: -4091,
2026-04-14 21:30:36 -05:00:   syscall: 'listen',
2026-04-14 21:30:36 -05:00:   address: '0.0.0.0',
2026-04-14 21:30:36 -05:00:   port: 3030
2026-04-14 21:30:36 -05:00: }
2026-04-14 21:30:38 -05:00: Error al iniciar el microservicio: Error: listen EADDRINUSE: address already in use 0.0.0.0:3030
2026-04-14 21:30:38 -05:00:     at Server.setupListenHandle [as _listen2] (node:net:1948:16)
2026-04-14 21:30:38 -05:00:     at listenInCluster (node:net:2005:12)
2026-04-14 21:30:38 -05:00:     at node:net:2214:7
2026-04-14 21:30:38 -05:00:     at process.processTicksAndRejections (node:internal/process/task_queues:90:21) {
2026-04-14 21:30:38 -05:00:   code: 'EADDRINUSE',
2026-04-14 21:30:38 -05:00:   errno: -4091,
2026-04-14 21:30:38 -05:00:   syscall: 'listen',
2026-04-14 21:30:38 -05:00:   address: '0.0.0.0',
2026-04-14 21:30:38 -05:00:   port: 3030
2026-04-14 21:30:38 -05:00: }
2026-04-14 21:30:40 -05:00: Error al iniciar el microservicio: Error: listen EADDRINUSE: address already in use 0.0.0.0:3030
2026-04-14 21:30:40 -05:00:     at Server.setupListenHandle [as _listen2] (node:net:1948:16)
2026-04-14 21:30:40 -05:00:     at listenInCluster (node:net:2005:12)
2026-04-14 21:30:40 -05:00:     at node:net:2214:7
2026-04-14 21:30:40 -05:00:     at process.processTicksAndRejections (node:internal/process/task_queues:90:21) {
2026-04-14 21:30:40 -05:00:   code: 'EADDRINUSE',
2026-04-14 21:30:40 -05:00:   errno: -4091,
2026-04-14 21:30:40 -05:00:   syscall: 'listen',
2026-04-14 21:30:40 -05:00:   address: '0.0.0.0',
2026-04-14 21:30:40 -05:00:   port: 3030
2026-04-14 21:30:40 -05:00: }
2026-04-14 21:30:41 -05:00: Error al iniciar el microservicio: Error: listen EADDRINUSE: address already in use 0.0.0.0:3030
2026-04-14 21:30:41 -05:00:     at Server.setupListenHandle [as _listen2] (node:net:1948:16)
2026-04-14 21:30:41 -05:00:     at listenInCluster (node:net:2005:12)
2026-04-14 21:30:41 -05:00:     at node:net:2214:7
2026-04-14 21:30:41 -05:00:     at process.processTicksAndRejections (node:internal/process/task_queues:90:21) {
2026-04-14 21:30:41 -05:00:   code: 'EADDRINUSE',
2026-04-14 21:30:41 -05:00:   errno: -4091,
2026-04-14 21:30:41 -05:00:   syscall: 'listen',
2026-04-14 21:30:41 -05:00:   address: '0.0.0.0',
2026-04-14 21:30:41 -05:00:   port: 3030
2026-04-14 21:30:41 -05:00: }
2026-04-14 21:30:43 -05:00: Error al iniciar el microservicio: Error: listen EADDRINUSE: address already in use 0.0.0.0:3030
2026-04-14 21:30:43 -05:00:     at Server.setupListenHandle [as _listen2] (node:net:1948:16)
2026-04-14 21:30:43 -05:00:     at listenInCluster (node:net:2005:12)
2026-04-14 21:30:43 -05:00:     at node:net:2214:7
2026-04-14 21:30:43 -05:00:     at process.processTicksAndRejections (node:internal/process/task_queues:90:21) {
2026-04-14 21:30:43 -05:00:   code: 'EADDRINUSE',
2026-04-14 21:30:43 -05:00:   errno: -4091,
2026-04-14 21:30:43 -05:00:   syscall: 'listen',
2026-04-14 21:30:43 -05:00:   address: '0.0.0.0',
2026-04-14 21:30:43 -05:00:   port: 3030
2026-04-14 21:30:43 -05:00: }
2026-04-14 21:30:44 -05:00: Error al iniciar el microservicio: Error: listen EADDRINUSE: address already in use 0.0.0.0:3030
2026-04-14 21:30:44 -05:00:     at Server.setupListenHandle [as _listen2] (node:net:1948:16)
2026-04-14 21:30:44 -05:00:     at listenInCluster (node:net:2005:12)
2026-04-14 21:30:44 -05:00:     at node:net:2214:7
2026-04-14 21:30:44 -05:00:     at process.processTicksAndRejections (node:internal/process/task_queues:90:21) {
2026-04-14 21:30:44 -05:00:   code: 'EADDRINUSE',
2026-04-14 21:30:44 -05:00:   errno: -4091,
2026-04-14 21:30:44 -05:00:   syscall: 'listen',
2026-04-14 21:30:44 -05:00:   address: '0.0.0.0',
2026-04-14 21:30:44 -05:00:   port: 3030
2026-04-14 21:30:44 -05:00: }
2026-04-14 21:30:46 -05:00: Error al iniciar el microservicio: Error: listen EADDRINUSE: address already in use 0.0.0.0:3030
2026-04-14 21:30:46 -05:00:     at Server.setupListenHandle [as _listen2] (node:net:1948:16)
2026-04-14 21:30:46 -05:00:     at listenInCluster (node:net:2005:12)
2026-04-14 21:30:46 -05:00:     at node:net:2214:7
2026-04-14 21:30:46 -05:00:     at process.processTicksAndRejections (node:internal/process/task_queues:90:21) {
2026-04-14 21:30:46 -05:00:   code: 'EADDRINUSE',
2026-04-14 21:30:46 -05:00:   errno: -4091,
2026-04-14 21:30:46 -05:00:   syscall: 'listen',
2026-04-14 21:30:46 -05:00:   address: '0.0.0.0',
2026-04-14 21:30:46 -05:00:   port: 3030
2026-04-14 21:30:46 -05:00: }
2026-04-14 21:30:47 -05:00: Error al iniciar el microservicio: Error: listen EADDRINUSE: address already in use 0.0.0.0:3030
2026-04-14 21:30:47 -05:00:     at Server.setupListenHandle [as _listen2] (node:net:1948:16)
2026-04-14 21:30:47 -05:00:     at listenInCluster (node:net:2005:12)
2026-04-14 21:30:47 -05:00:     at node:net:2214:7
2026-04-14 21:30:47 -05:00:     at process.processTicksAndRejections (node:internal/process/task_queues:90:21) {
2026-04-14 21:30:47 -05:00:   code: 'EADDRINUSE',
2026-04-14 21:30:47 -05:00:   errno: -4091,
2026-04-14 21:30:47 -05:00:   syscall: 'listen',
2026-04-14 21:30:47 -05:00:   address: '0.0.0.0',
2026-04-14 21:30:47 -05:00:   port: 3030
2026-04-14 21:30:47 -05:00: }
2026-04-14 21:30:49 -05:00: Error al iniciar el microservicio: Error: listen EADDRINUSE: address already in use 0.0.0.0:3030
2026-04-14 21:30:49 -05:00:     at Server.setupListenHandle [as _listen2] (node:net:1948:16)
2026-04-14 21:30:49 -05:00:     at listenInCluster (node:net:2005:12)
2026-04-14 21:30:49 -05:00:     at node:net:2214:7
2026-04-14 21:30:49 -05:00:     at process.processTicksAndRejections (node:internal/process/task_queues:90:21) {
2026-04-14 21:30:49 -05:00:   code: 'EADDRINUSE',
2026-04-14 21:30:49 -05:00:   errno: -4091,
2026-04-14 21:30:49 -05:00:   syscall: 'listen',
2026-04-14 21:30:49 -05:00:   address: '0.0.0.0',
2026-04-14 21:30:49 -05:00:   port: 3030
2026-04-14 21:30:49 -05:00: }
2026-04-14 21:30:51 -05:00: Error al iniciar el microservicio: Error: listen EADDRINUSE: address already in use 0.0.0.0:3030
2026-04-14 21:30:51 -05:00:     at Server.setupListenHandle [as _listen2] (node:net:1948:16)
2026-04-14 21:30:51 -05:00:     at listenInCluster (node:net:2005:12)
2026-04-14 21:30:51 -05:00:     at node:net:2214:7
2026-04-14 21:30:51 -05:00:     at process.processTicksAndRejections (node:internal/process/task_queues:90:21) {
2026-04-14 21:30:51 -05:00:   code: 'EADDRINUSE',
2026-04-14 21:30:51 -05:00:   errno: -4091,
2026-04-14 21:30:51 -05:00:   syscall: 'listen',
2026-04-14 21:30:51 -05:00:   address: '0.0.0.0',
2026-04-14 21:30:51 -05:00:   port: 3030
2026-04-14 21:30:51 -05:00: }
2026-04-14 21:30:52 -05:00: Error al iniciar el microservicio: Error: listen EADDRINUSE: address already in use 0.0.0.0:3030
2026-04-14 21:30:52 -05:00:     at Server.setupListenHandle [as _listen2] (node:net:1948:16)
2026-04-14 21:30:52 -05:00:     at listenInCluster (node:net:2005:12)
2026-04-14 21:30:52 -05:00:     at node:net:2214:7
2026-04-14 21:30:52 -05:00:     at process.processTicksAndRejections (node:internal/process/task_queues:90:21) {
2026-04-14 21:30:52 -05:00:   code: 'EADDRINUSE',
2026-04-14 21:30:52 -05:00:   errno: -4091,
2026-04-14 21:30:52 -05:00:   syscall: 'listen',
2026-04-14 21:30:52 -05:00:   address: '0.0.0.0',
2026-04-14 21:30:52 -05:00:   port: 3030
2026-04-14 21:30:52 -05:00: }
2026-04-14 21:30:54 -05:00: Error al iniciar el microservicio: Error: listen EADDRINUSE: address already in use 0.0.0.0:3030
2026-04-14 21:30:54 -05:00:     at Server.setupListenHandle [as _listen2] (node:net:1948:16)
2026-04-14 21:30:54 -05:00:     at listenInCluster (node:net:2005:12)
2026-04-14 21:30:54 -05:00:     at node:net:2214:7
2026-04-14 21:30:54 -05:00:     at process.processTicksAndRejections (node:internal/process/task_queues:90:21) {
2026-04-14 21:30:54 -05:00:   code: 'EADDRINUSE',
2026-04-14 21:30:54 -05:00:   errno: -4091,
2026-04-14 21:30:54 -05:00:   syscall: 'listen',
2026-04-14 21:30:54 -05:00:   address: '0.0.0.0',
2026-04-14 21:30:54 -05:00:   port: 3030
2026-04-14 21:30:54 -05:00: }
2026-04-14 21:30:55 -05:00: Error al iniciar el microservicio: Error: listen EADDRINUSE: address already in use 0.0.0.0:3030
2026-04-14 21:30:55 -05:00:     at Server.setupListenHandle [as _listen2] (node:net:1948:16)
2026-04-14 21:30:55 -05:00:     at listenInCluster (node:net:2005:12)
2026-04-14 21:30:55 -05:00:     at node:net:2214:7
2026-04-14 21:30:55 -05:00:     at process.processTicksAndRejections (node:internal/process/task_queues:90:21) {
2026-04-14 21:30:55 -05:00:   code: 'EADDRINUSE',
2026-04-14 21:30:55 -05:00:   errno: -4091,
2026-04-14 21:30:55 -05:00:   syscall: 'listen',
2026-04-14 21:30:55 -05:00:   address: '0.0.0.0',
2026-04-14 21:30:55 -05:00:   port: 3030
2026-04-14 21:30:55 -05:00: }
2026-04-14 21:30:57 -05:00: Error al iniciar el microservicio: Error: listen EADDRINUSE: address already in use 0.0.0.0:3030
2026-04-14 21:30:57 -05:00:     at Server.setupListenHandle [as _listen2] (node:net:1948:16)
2026-04-14 21:30:57 -05:00:     at listenInCluster (node:net:2005:12)
2026-04-14 21:30:57 -05:00:     at node:net:2214:7
2026-04-14 21:30:57 -05:00:     at process.processTicksAndRejections (node:internal/process/task_queues:90:21) {
2026-04-14 21:30:57 -05:00:   code: 'EADDRINUSE',
2026-04-14 21:30:57 -05:00:   errno: -4091,
2026-04-14 21:30:57 -05:00:   syscall: 'listen',
2026-04-14 21:30:57 -05:00:   address: '0.0.0.0',
2026-04-14 21:30:57 -05:00:   port: 3030
2026-04-14 21:30:57 -05:00: }
2026-04-14 21:30:59 -05:00: Error al iniciar el microservicio: Error: listen EADDRINUSE: address already in use 0.0.0.0:3030
2026-04-14 21:30:59 -05:00:     at Server.setupListenHandle [as _listen2] (node:net:1948:16)
2026-04-14 21:30:59 -05:00:     at listenInCluster (node:net:2005:12)
2026-04-14 21:30:59 -05:00:     at node:net:2214:7
2026-04-14 21:30:59 -05:00:     at process.processTicksAndRejections (node:internal/process/task_queues:90:21) {
2026-04-14 21:30:59 -05:00:   code: 'EADDRINUSE',
2026-04-14 21:30:59 -05:00:   errno: -4091,
2026-04-14 21:30:59 -05:00:   syscall: 'listen',
2026-04-14 21:30:59 -05:00:   address: '0.0.0.0',
2026-04-14 21:30:59 -05:00:   port: 3030
2026-04-14 21:30:59 -05:00: }
2026-04-14 21:31:00 -05:00: Error al iniciar el microservicio: Error: listen EADDRINUSE: address already in use 0.0.0.0:3030
2026-04-14 21:31:00 -05:00:     at Server.setupListenHandle [as _listen2] (node:net:1948:16)
2026-04-14 21:31:00 -05:00:     at listenInCluster (node:net:2005:12)
2026-04-14 21:31:00 -05:00:     at node:net:2214:7
2026-04-14 21:31:00 -05:00:     at process.processTicksAndRejections (node:internal/process/task_queues:90:21) {
2026-04-14 21:31:00 -05:00:   code: 'EADDRINUSE',
2026-04-14 21:31:00 -05:00:   errno: -4091,
2026-04-14 21:31:00 -05:00:   syscall: 'listen',
2026-04-14 21:31:00 -05:00:   address: '0.0.0.0',
2026-04-14 21:31:00 -05:00:   port: 3030
2026-04-14 21:31:00 -05:00: }
2026-04-14 21:31:02 -05:00: Error al iniciar el microservicio: Error: listen EADDRINUSE: address already in use 0.0.0.0:3030
2026-04-14 21:31:02 -05:00:     at Server.setupListenHandle [as _listen2] (node:net:1948:16)
2026-04-14 21:31:02 -05:00:     at listenInCluster (node:net:2005:12)
2026-04-14 21:31:02 -05:00:     at node:net:2214:7
2026-04-14 21:31:02 -05:00:     at process.processTicksAndRejections (node:internal/process/task_queues:90:21) {
2026-04-14 21:31:02 -05:00:   code: 'EADDRINUSE',
2026-04-14 21:31:02 -05:00:   errno: -4091,
2026-04-14 21:31:02 -05:00:   syscall: 'listen',
2026-04-14 21:31:02 -05:00:   address: '0.0.0.0',
2026-04-14 21:31:02 -05:00:   port: 3030
2026-04-14 21:31:02 -05:00: }
2026-04-14 21:31:03 -05:00: Error al iniciar el microservicio: Error: listen EADDRINUSE: address already in use 0.0.0.0:3030
2026-04-14 21:31:03 -05:00:     at Server.setupListenHandle [as _listen2] (node:net:1948:16)
2026-04-14 21:31:03 -05:00:     at listenInCluster (node:net:2005:12)
2026-04-14 21:31:03 -05:00:     at node:net:2214:7
2026-04-14 21:31:03 -05:00:     at process.processTicksAndRejections (node:internal/process/task_queues:90:21) {
2026-04-14 21:31:03 -05:00:   code: 'EADDRINUSE',
2026-04-14 21:31:03 -05:00:   errno: -4091,
2026-04-14 21:31:03 -05:00:   syscall: 'listen',
2026-04-14 21:31:03 -05:00:   address: '0.0.0.0',
2026-04-14 21:31:03 -05:00:   port: 3030
2026-04-14 21:31:03 -05:00: }
2026-04-14 21:31:05 -05:00: Error al iniciar el microservicio: Error: listen EADDRINUSE: address already in use 0.0.0.0:3030
2026-04-14 21:31:05 -05:00:     at Server.setupListenHandle [as _listen2] (node:net:1948:16)
2026-04-14 21:31:05 -05:00:     at listenInCluster (node:net:2005:12)
2026-04-14 21:31:05 -05:00:     at node:net:2214:7
2026-04-14 21:31:05 -05:00:     at process.processTicksAndRejections (node:internal/process/task_queues:90:21) {
2026-04-14 21:31:05 -05:00:   code: 'EADDRINUSE',
2026-04-14 21:31:05 -05:00:   errno: -4091,
2026-04-14 21:31:05 -05:00:   syscall: 'listen',
2026-04-14 21:31:05 -05:00:   address: '0.0.0.0',
2026-04-14 21:31:05 -05:00:   port: 3030
2026-04-14 21:31:05 -05:00: }
2026-04-14 21:31:06 -05:00: Error al iniciar el microservicio: Error: listen EADDRINUSE: address already in use 0.0.0.0:3030
2026-04-14 21:31:06 -05:00:     at Server.setupListenHandle [as _listen2] (node:net:1948:16)
2026-04-14 21:31:06 -05:00:     at listenInCluster (node:net:2005:12)
2026-04-14 21:31:06 -05:00:     at node:net:2214:7
2026-04-14 21:31:06 -05:00:     at process.processTicksAndRejections (node:internal/process/task_queues:90:21) {
2026-04-14 21:31:06 -05:00:   code: 'EADDRINUSE',
2026-04-14 21:31:06 -05:00:   errno: -4091,
2026-04-14 21:31:06 -05:00:   syscall: 'listen',
2026-04-14 21:31:06 -05:00:   address: '0.0.0.0',
2026-04-14 21:31:06 -05:00:   port: 3030
2026-04-14 21:31:06 -05:00: }
2026-04-14 21:31:07 -05:00: Error al iniciar el microservicio: Error: listen EADDRINUSE: address already in use 0.0.0.0:3030
2026-04-14 21:31:07 -05:00:     at Server.setupListenHandle [as _listen2] (node:net:1948:16)
2026-04-14 21:31:07 -05:00:     at listenInCluster (node:net:2005:12)
2026-04-14 21:31:07 -05:00:     at node:net:2214:7
2026-04-14 21:31:07 -05:00:     at process.processTicksAndRejections (node:internal/process/task_queues:90:21) {
2026-04-14 21:31:07 -05:00:   code: 'EADDRINUSE',
2026-04-14 21:31:07 -05:00:   errno: -4091,
2026-04-14 21:31:07 -05:00:   syscall: 'listen',
2026-04-14 21:31:07 -05:00:   address: '0.0.0.0',
2026-04-14 21:31:07 -05:00:   port: 3030
2026-04-14 21:31:07 -05:00: }
2026-04-14 21:31:09 -05:00: Error al iniciar el microservicio: Error: listen EADDRINUSE: address already in use 0.0.0.0:3030
2026-04-14 21:31:09 -05:00:     at Server.setupListenHandle [as _listen2] (node:net:1948:16)
2026-04-14 21:31:09 -05:00:     at listenInCluster (node:net:2005:12)
2026-04-14 21:31:09 -05:00:     at node:net:2214:7
2026-04-14 21:31:09 -05:00:     at process.processTicksAndRejections (node:internal/process/task_queues:90:21) {
2026-04-14 21:31:09 -05:00:   code: 'EADDRINUSE',
2026-04-14 21:31:09 -05:00:   errno: -4091,
2026-04-14 21:31:09 -05:00:   syscall: 'listen',
2026-04-14 21:31:09 -05:00:   address: '0.0.0.0',
2026-04-14 21:31:09 -05:00:   port: 3030
2026-04-14 21:31:09 -05:00: }
2026-04-14 21:31:11 -05:00: Error al iniciar el microservicio: Error: listen EADDRINUSE: address already in use 0.0.0.0:3030
2026-04-14 21:31:11 -05:00:     at Server.setupListenHandle [as _listen2] (node:net:1948:16)
2026-04-14 21:31:11 -05:00:     at listenInCluster (node:net:2005:12)
2026-04-14 21:31:11 -05:00:     at node:net:2214:7
2026-04-14 21:31:11 -05:00:     at process.processTicksAndRejections (node:internal/process/task_queues:90:21) {
2026-04-14 21:31:11 -05:00:   code: 'EADDRINUSE',
2026-04-14 21:31:11 -05:00:   errno: -4091,
2026-04-14 21:31:11 -05:00:   syscall: 'listen',
2026-04-14 21:31:11 -05:00:   address: '0.0.0.0',
2026-04-14 21:31:11 -05:00:   port: 3030
2026-04-14 21:31:11 -05:00: }
2026-04-14 21:31:13 -05:00: Error al iniciar el microservicio: Error: listen EADDRINUSE: address already in use 0.0.0.0:3030
2026-04-14 21:31:13 -05:00:     at Server.setupListenHandle [as _listen2] (node:net:1948:16)
2026-04-14 21:31:13 -05:00:     at listenInCluster (node:net:2005:12)
2026-04-14 21:31:13 -05:00:     at node:net:2214:7
2026-04-14 21:31:13 -05:00:     at process.processTicksAndRejections (node:internal/process/task_queues:90:21) {
2026-04-14 21:31:13 -05:00:   code: 'EADDRINUSE',
2026-04-14 21:31:13 -05:00:   errno: -4091,
2026-04-14 21:31:13 -05:00:   syscall: 'listen',
2026-04-14 21:31:13 -05:00:   address: '0.0.0.0',
2026-04-14 21:31:13 -05:00:   port: 3030
2026-04-14 21:31:13 -05:00: }
2026-04-14 21:31:14 -05:00: Error al iniciar el microservicio: Error: listen EADDRINUSE: address already in use 0.0.0.0:3030
2026-04-14 21:31:14 -05:00:     at Server.setupListenHandle [as _listen2] (node:net:1948:16)
2026-04-14 21:31:14 -05:00:     at listenInCluster (node:net:2005:12)
2026-04-14 21:31:14 -05:00:     at node:net:2214:7
2026-04-14 21:31:14 -05:00:     at process.processTicksAndRejections (node:internal/process/task_queues:90:21) {
2026-04-14 21:31:14 -05:00:   code: 'EADDRINUSE',
2026-04-14 21:31:14 -05:00:   errno: -4091,
2026-04-14 21:31:14 -05:00:   syscall: 'listen',
2026-04-14 21:31:14 -05:00:   address: '0.0.0.0',
2026-04-14 21:31:14 -05:00:   port: 3030
2026-04-14 21:31:14 -05:00: }
2026-04-14 21:31:16 -05:00: Error al iniciar el microservicio: Error: listen EADDRINUSE: address already in use 0.0.0.0:3030
2026-04-14 21:31:16 -05:00:     at Server.setupListenHandle [as _listen2] (node:net:1948:16)
2026-04-14 21:31:16 -05:00:     at listenInCluster (node:net:2005:12)
2026-04-14 21:31:16 -05:00:     at node:net:2214:7
2026-04-14 21:31:16 -05:00:     at process.processTicksAndRejections (node:internal/process/task_queues:90:21) {
2026-04-14 21:31:16 -05:00:   code: 'EADDRINUSE',
2026-04-14 21:31:16 -05:00:   errno: -4091,
2026-04-14 21:31:16 -05:00:   syscall: 'listen',
2026-04-14 21:31:16 -05:00:   address: '0.0.0.0',
2026-04-14 21:31:16 -05:00:   port: 3030
2026-04-14 21:31:16 -05:00: }
2026-04-14 21:31:17 -05:00: Error al iniciar el microservicio: Error: listen EADDRINUSE: address already in use 0.0.0.0:3030
2026-04-14 21:31:17 -05:00:     at Server.setupListenHandle [as _listen2] (node:net:1948:16)
2026-04-14 21:31:17 -05:00:     at listenInCluster (node:net:2005:12)
2026-04-14 21:31:17 -05:00:     at node:net:2214:7
2026-04-14 21:31:17 -05:00:     at process.processTicksAndRejections (node:internal/process/task_queues:90:21) {
2026-04-14 21:31:17 -05:00:   code: 'EADDRINUSE',
2026-04-14 21:31:17 -05:00:   errno: -4091,
2026-04-14 21:31:17 -05:00:   syscall: 'listen',
2026-04-14 21:31:17 -05:00:   address: '0.0.0.0',
2026-04-14 21:31:17 -05:00:   port: 3030
2026-04-14 21:31:17 -05:00: }
2026-04-14 21:31:19 -05:00: Error al iniciar el microservicio: Error: listen EADDRINUSE: address already in use 0.0.0.0:3030
2026-04-14 21:31:19 -05:00:     at Server.setupListenHandle [as _listen2] (node:net:1948:16)
2026-04-14 21:31:19 -05:00:     at listenInCluster (node:net:2005:12)
2026-04-14 21:31:19 -05:00:     at node:net:2214:7
2026-04-14 21:31:19 -05:00:     at process.processTicksAndRejections (node:internal/process/task_queues:90:21) {
2026-04-14 21:31:19 -05:00:   code: 'EADDRINUSE',
2026-04-14 21:31:19 -05:00:   errno: -4091,
2026-04-14 21:31:19 -05:00:   syscall: 'listen',
2026-04-14 21:31:19 -05:00:   address: '0.0.0.0',
2026-04-14 21:31:19 -05:00:   port: 3030
2026-04-14 21:31:19 -05:00: }
2026-04-14 21:31:20 -05:00: Error al iniciar el microservicio: Error: listen EADDRINUSE: address already in use 0.0.0.0:3030
2026-04-14 21:31:20 -05:00:     at Server.setupListenHandle [as _listen2] (node:net:1948:16)
2026-04-14 21:31:20 -05:00:     at listenInCluster (node:net:2005:12)
2026-04-14 21:31:20 -05:00:     at node:net:2214:7
2026-04-14 21:31:20 -05:00:     at process.processTicksAndRejections (node:internal/process/task_queues:90:21) {
2026-04-14 21:31:20 -05:00:   code: 'EADDRINUSE',
2026-04-14 21:31:20 -05:00:   errno: -4091,
2026-04-14 21:31:20 -05:00:   syscall: 'listen',
2026-04-14 21:31:20 -05:00:   address: '0.0.0.0',
2026-04-14 21:31:20 -05:00:   port: 3030
2026-04-14 21:31:20 -05:00: }
2026-04-14 21:31:22 -05:00: Error al iniciar el microservicio: Error: listen EADDRINUSE: address already in use 0.0.0.0:3030
2026-04-14 21:31:22 -05:00:     at Server.setupListenHandle [as _listen2] (node:net:1948:16)
2026-04-14 21:31:22 -05:00:     at listenInCluster (node:net:2005:12)
2026-04-14 21:31:22 -05:00:     at node:net:2214:7
2026-04-14 21:31:22 -05:00:     at process.processTicksAndRejections (node:internal/process/task_queues:90:21) {
2026-04-14 21:31:22 -05:00:   code: 'EADDRINUSE',
2026-04-14 21:31:22 -05:00:   errno: -4091,
2026-04-14 21:31:22 -05:00:   syscall: 'listen',
2026-04-14 21:31:22 -05:00:   address: '0.0.0.0',
2026-04-14 21:31:22 -05:00:   port: 3030
2026-04-14 21:31:22 -05:00: }
2026-04-14 21:31:23 -05:00: Error al iniciar el microservicio: Error: listen EADDRINUSE: address already in use 0.0.0.0:3030
2026-04-14 21:31:23 -05:00:     at Server.setupListenHandle [as _listen2] (node:net:1948:16)
2026-04-14 21:31:23 -05:00:     at listenInCluster (node:net:2005:12)
2026-04-14 21:31:23 -05:00:     at node:net:2214:7
2026-04-14 21:31:23 -05:00:     at process.processTicksAndRejections (node:internal/process/task_queues:90:21) {
2026-04-14 21:31:23 -05:00:   code: 'EADDRINUSE',
2026-04-14 21:31:23 -05:00:   errno: -4091,
2026-04-14 21:31:23 -05:00:   syscall: 'listen',
2026-04-14 21:31:23 -05:00:   address: '0.0.0.0',
2026-04-14 21:31:23 -05:00:   port: 3030
2026-04-14 21:31:23 -05:00: }
2026-04-14 21:31:25 -05:00: Error al iniciar el microservicio: Error: listen EADDRINUSE: address already in use 0.0.0.0:3030
2026-04-14 21:31:25 -05:00:     at Server.setupListenHandle [as _listen2] (node:net:1948:16)
2026-04-14 21:31:25 -05:00:     at listenInCluster (node:net:2005:12)
2026-04-14 21:31:25 -05:00:     at node:net:2214:7
2026-04-14 21:31:25 -05:00:     at process.processTicksAndRejections (node:internal/process/task_queues:90:21) {
2026-04-14 21:31:25 -05:00:   code: 'EADDRINUSE',
2026-04-14 21:31:25 -05:00:   errno: -4091,
2026-04-14 21:31:25 -05:00:   syscall: 'listen',
2026-04-14 21:31:25 -05:00:   address: '0.0.0.0',
2026-04-14 21:31:25 -05:00:   port: 3030
2026-04-14 21:31:25 -05:00: }
2026-04-14 21:31:27 -05:00: Error al iniciar el microservicio: Error: listen EADDRINUSE: address already in use 0.0.0.0:3030
2026-04-14 21:31:27 -05:00:     at Server.setupListenHandle [as _listen2] (node:net:1948:16)
2026-04-14 21:31:27 -05:00:     at listenInCluster (node:net:2005:12)
2026-04-14 21:31:27 -05:00:     at node:net:2214:7
2026-04-14 21:31:27 -05:00:     at process.processTicksAndRejections (node:internal/process/task_queues:90:21) {
2026-04-14 21:31:27 -05:00:   code: 'EADDRINUSE',
2026-04-14 21:31:27 -05:00:   errno: -4091,
2026-04-14 21:31:27 -05:00:   syscall: 'listen',
2026-04-14 21:31:27 -05:00:   address: '0.0.0.0',
2026-04-14 21:31:27 -05:00:   port: 3030
2026-04-14 21:31:27 -05:00: }
2026-04-14 21:31:28 -05:00: Error al iniciar el microservicio: Error: listen EADDRINUSE: address already in use 0.0.0.0:3030
2026-04-14 21:31:28 -05:00:     at Server.setupListenHandle [as _listen2] (node:net:1948:16)
2026-04-14 21:31:28 -05:00:     at listenInCluster (node:net:2005:12)
2026-04-14 21:31:28 -05:00:     at node:net:2214:7
2026-04-14 21:31:28 -05:00:     at process.processTicksAndRejections (node:internal/process/task_queues:90:21) {
2026-04-14 21:31:28 -05:00:   code: 'EADDRINUSE',
2026-04-14 21:31:28 -05:00:   errno: -4091,
2026-04-14 21:31:28 -05:00:   syscall: 'listen',
2026-04-14 21:31:28 -05:00:   address: '0.0.0.0',
2026-04-14 21:31:28 -05:00:   port: 3030
2026-04-14 21:31:28 -05:00: }
2026-04-14 21:31:30 -05:00: Error al iniciar el microservicio: Error: listen EADDRINUSE: address already in use 0.0.0.0:3030
2026-04-14 21:31:30 -05:00:     at Server.setupListenHandle [as _listen2] (node:net:1948:16)
2026-04-14 21:31:30 -05:00:     at listenInCluster (node:net:2005:12)
2026-04-14 21:31:30 -05:00:     at node:net:2214:7
2026-04-14 21:31:30 -05:00:     at process.processTicksAndRejections (node:internal/process/task_queues:90:21) {
2026-04-14 21:31:30 -05:00:   code: 'EADDRINUSE',
2026-04-14 21:31:30 -05:00:   errno: -4091,
2026-04-14 21:31:30 -05:00:   syscall: 'listen',
2026-04-14 21:31:30 -05:00:   address: '0.0.0.0',
2026-04-14 21:31:30 -05:00:   port: 3030
2026-04-14 21:31:30 -05:00: }
2026-04-14 21:31:32 -05:00: Error al iniciar el microservicio: Error: listen EADDRINUSE: address already in use 0.0.0.0:3030
2026-04-14 21:31:32 -05:00:     at Server.setupListenHandle [as _listen2] (node:net:1948:16)
2026-04-14 21:31:32 -05:00:     at listenInCluster (node:net:2005:12)
2026-04-14 21:31:32 -05:00:     at node:net:2214:7
2026-04-14 21:31:32 -05:00:     at process.processTicksAndRejections (node:internal/process/task_queues:90:21) {
2026-04-14 21:31:32 -05:00:   code: 'EADDRINUSE',
2026-04-14 21:31:32 -05:00:   errno: -4091,
2026-04-14 21:31:32 -05:00:   syscall: 'listen',
2026-04-14 21:31:32 -05:00:   address: '0.0.0.0',
2026-04-14 21:31:32 -05:00:   port: 3030
2026-04-14 21:31:32 -05:00: }
2026-04-14 21:31:33 -05:00: Error al iniciar el microservicio: Error: listen EADDRINUSE: address already in use 0.0.0.0:3030
2026-04-14 21:31:33 -05:00:     at Server.setupListenHandle [as _listen2] (node:net:1948:16)
2026-04-14 21:31:33 -05:00:     at listenInCluster (node:net:2005:12)
2026-04-14 21:31:33 -05:00:     at node:net:2214:7
2026-04-14 21:31:33 -05:00:     at process.processTicksAndRejections (node:internal/process/task_queues:90:21) {
2026-04-14 21:31:33 -05:00:   code: 'EADDRINUSE',
2026-04-14 21:31:33 -05:00:   errno: -4091,
2026-04-14 21:31:33 -05:00:   syscall: 'listen',
2026-04-14 21:31:33 -05:00:   address: '0.0.0.0',
2026-04-14 21:31:33 -05:00:   port: 3030
2026-04-14 21:31:33 -05:00: }
2026-04-14 21:31:35 -05:00: Error al iniciar el microservicio: Error: listen EADDRINUSE: address already in use 0.0.0.0:3030
2026-04-14 21:31:35 -05:00:     at Server.setupListenHandle [as _listen2] (node:net:1948:16)
2026-04-14 21:31:35 -05:00:     at listenInCluster (node:net:2005:12)
2026-04-14 21:31:35 -05:00:     at node:net:2214:7
2026-04-14 21:31:35 -05:00:     at process.processTicksAndRejections (node:internal/process/task_queues:90:21) {
2026-04-14 21:31:35 -05:00:   code: 'EADDRINUSE',
2026-04-14 21:31:35 -05:00:   errno: -4091,
2026-04-14 21:31:35 -05:00:   syscall: 'listen',
2026-04-14 21:31:35 -05:00:   address: '0.0.0.0',
2026-04-14 21:31:35 -05:00:   port: 3030
2026-04-14 21:31:35 -05:00: }
2026-04-14 21:31:37 -05:00: Error al iniciar el microservicio: Error: listen EADDRINUSE: address already in use 0.0.0.0:3030
2026-04-14 21:31:37 -05:00:     at Server.setupListenHandle [as _listen2] (node:net:1948:16)
2026-04-14 21:31:37 -05:00:     at listenInCluster (node:net:2005:12)
2026-04-14 21:31:37 -05:00:     at node:net:2214:7
2026-04-14 21:31:37 -05:00:     at process.processTicksAndRejections (node:internal/process/task_queues:90:21) {
2026-04-14 21:31:37 -05:00:   code: 'EADDRINUSE',
2026-04-14 21:31:37 -05:00:   errno: -4091,
2026-04-14 21:31:37 -05:00:   syscall: 'listen',
2026-04-14 21:31:37 -05:00:   address: '0.0.0.0',
2026-04-14 21:31:37 -05:00:   port: 3030
2026-04-14 21:31:37 -05:00: }
2026-04-14 21:31:39 -05:00: Error al iniciar el microservicio: Error: listen EADDRINUSE: address already in use 0.0.0.0:3030
2026-04-14 21:31:39 -05:00:     at Server.setupListenHandle [as _listen2] (node:net:1948:16)
2026-04-14 21:31:39 -05:00:     at listenInCluster (node:net:2005:12)
2026-04-14 21:31:39 -05:00:     at node:net:2214:7
2026-04-14 21:31:39 -05:00:     at process.processTicksAndRejections (node:internal/process/task_queues:90:21) {
2026-04-14 21:31:39 -05:00:   code: 'EADDRINUSE',
2026-04-14 21:31:39 -05:00:   errno: -4091,
2026-04-14 21:31:39 -05:00:   syscall: 'listen',
2026-04-14 21:31:39 -05:00:   address: '0.0.0.0',
2026-04-14 21:31:39 -05:00:   port: 3030
2026-04-14 21:31:39 -05:00: }
2026-04-14 21:31:40 -05:00: Error al iniciar el microservicio: Error: listen EADDRINUSE: address already in use 0.0.0.0:3030
2026-04-14 21:31:40 -05:00:     at Server.setupListenHandle [as _listen2] (node:net:1948:16)
2026-04-14 21:31:40 -05:00:     at listenInCluster (node:net:2005:12)
2026-04-14 21:31:40 -05:00:     at node:net:2214:7
2026-04-14 21:31:40 -05:00:     at process.processTicksAndRejections (node:internal/process/task_queues:90:21) {
2026-04-14 21:31:40 -05:00:   code: 'EADDRINUSE',
2026-04-14 21:31:40 -05:00:   errno: -4091,
2026-04-14 21:31:40 -05:00:   syscall: 'listen',
2026-04-14 21:31:40 -05:00:   address: '0.0.0.0',
2026-04-14 21:31:40 -05:00:   port: 3030
2026-04-14 21:31:40 -05:00: }
2026-04-14 21:31:42 -05:00: Error al iniciar el microservicio: Error: listen EADDRINUSE: address already in use 0.0.0.0:3030
2026-04-14 21:31:42 -05:00:     at Server.setupListenHandle [as _listen2] (node:net:1948:16)
2026-04-14 21:31:42 -05:00:     at listenInCluster (node:net:2005:12)
2026-04-14 21:31:42 -05:00:     at node:net:2214:7
2026-04-14 21:31:42 -05:00:     at process.processTicksAndRejections (node:internal/process/task_queues:90:21) {
2026-04-14 21:31:42 -05:00:   code: 'EADDRINUSE',
2026-04-14 21:31:42 -05:00:   errno: -4091,
2026-04-14 21:31:42 -05:00:   syscall: 'listen',
2026-04-14 21:31:42 -05:00:   address: '0.0.0.0',
2026-04-14 21:31:42 -05:00:   port: 3030
2026-04-14 21:31:42 -05:00: }
2026-04-14 21:31:43 -05:00: Error al iniciar el microservicio: Error: listen EADDRINUSE: address already in use 0.0.0.0:3030
2026-04-14 21:31:43 -05:00:     at Server.setupListenHandle [as _listen2] (node:net:1948:16)
2026-04-14 21:31:43 -05:00:     at listenInCluster (node:net:2005:12)
2026-04-14 21:31:43 -05:00:     at node:net:2214:7
2026-04-14 21:31:43 -05:00:     at process.processTicksAndRejections (node:internal/process/task_queues:90:21) {
2026-04-14 21:31:43 -05:00:   code: 'EADDRINUSE',
2026-04-14 21:31:43 -05:00:   errno: -4091,
2026-04-14 21:31:43 -05:00:   syscall: 'listen',
2026-04-14 21:31:43 -05:00:   address: '0.0.0.0',
2026-04-14 21:31:43 -05:00:   port: 3030
2026-04-14 21:31:43 -05:00: }
2026-04-14 21:31:45 -05:00: Error al iniciar el microservicio: Error: listen EADDRINUSE: address already in use 0.0.0.0:3030
2026-04-14 21:31:45 -05:00:     at Server.setupListenHandle [as _listen2] (node:net:1948:16)
2026-04-14 21:31:45 -05:00:     at listenInCluster (node:net:2005:12)
2026-04-14 21:31:45 -05:00:     at node:net:2214:7
2026-04-14 21:31:45 -05:00:     at process.processTicksAndRejections (node:internal/process/task_queues:90:21) {
2026-04-14 21:31:45 -05:00:   code: 'EADDRINUSE',
2026-04-14 21:31:45 -05:00:   errno: -4091,
2026-04-14 21:31:45 -05:00:   syscall: 'listen',
2026-04-14 21:31:45 -05:00:   address: '0.0.0.0',
2026-04-14 21:31:45 -05:00:   port: 3030
2026-04-14 21:31:45 -05:00: }
2026-04-14 21:31:46 -05:00: Error al iniciar el microservicio: Error: listen EADDRINUSE: address already in use 0.0.0.0:3030
2026-04-14 21:31:46 -05:00:     at Server.setupListenHandle [as _listen2] (node:net:1948:16)
2026-04-14 21:31:46 -05:00:     at listenInCluster (node:net:2005:12)
2026-04-14 21:31:46 -05:00:     at node:net:2214:7
2026-04-14 21:31:46 -05:00:     at process.processTicksAndRejections (node:internal/process/task_queues:90:21) {
2026-04-14 21:31:46 -05:00:   code: 'EADDRINUSE',
2026-04-14 21:31:46 -05:00:   errno: -4091,
2026-04-14 21:31:46 -05:00:   syscall: 'listen',
2026-04-14 21:31:46 -05:00:   address: '0.0.0.0',
2026-04-14 21:31:46 -05:00:   port: 3030
2026-04-14 21:31:46 -05:00: }
2026-04-14 21:31:48 -05:00: Error al iniciar el microservicio: Error: listen EADDRINUSE: address already in use 0.0.0.0:3030
2026-04-14 21:31:48 -05:00:     at Server.setupListenHandle [as _listen2] (node:net:1948:16)
2026-04-14 21:31:48 -05:00:     at listenInCluster (node:net:2005:12)
2026-04-14 21:31:48 -05:00:     at node:net:2214:7
2026-04-14 21:31:48 -05:00:     at process.processTicksAndRejections (node:internal/process/task_queues:90:21) {
2026-04-14 21:31:48 -05:00:   code: 'EADDRINUSE',
2026-04-14 21:31:48 -05:00:   errno: -4091,
2026-04-14 21:31:48 -05:00:   syscall: 'listen',
2026-04-14 21:31:48 -05:00:   address: '0.0.0.0',
2026-04-14 21:31:48 -05:00:   port: 3030
2026-04-14 21:31:48 -05:00: }
2026-04-14 21:31:49 -05:00: Error al iniciar el microservicio: Error: listen EADDRINUSE: address already in use 0.0.0.0:3030
2026-04-14 21:31:49 -05:00:     at Server.setupListenHandle [as _listen2] (node:net:1948:16)
2026-04-14 21:31:49 -05:00:     at listenInCluster (node:net:2005:12)
2026-04-14 21:31:49 -05:00:     at node:net:2214:7
2026-04-14 21:31:49 -05:00:     at process.processTicksAndRejections (node:internal/process/task_queues:90:21) {
2026-04-14 21:31:49 -05:00:   code: 'EADDRINUSE',
2026-04-14 21:31:49 -05:00:   errno: -4091,
2026-04-14 21:31:49 -05:00:   syscall: 'listen',
2026-04-14 21:31:49 -05:00:   address: '0.0.0.0',
2026-04-14 21:31:49 -05:00:   port: 3030
2026-04-14 21:31:49 -05:00: }
2026-04-14 21:31:51 -05:00: Error al iniciar el microservicio: Error: listen EADDRINUSE: address already in use 0.0.0.0:3030
2026-04-14 21:31:51 -05:00:     at Server.setupListenHandle [as _listen2] (node:net:1948:16)
2026-04-14 21:31:51 -05:00:     at listenInCluster (node:net:2005:12)
2026-04-14 21:31:51 -05:00:     at node:net:2214:7
2026-04-14 21:31:51 -05:00:     at process.processTicksAndRejections (node:internal/process/task_queues:90:21) {
2026-04-14 21:31:51 -05:00:   code: 'EADDRINUSE',
2026-04-14 21:31:51 -05:00:   errno: -4091,
2026-04-14 21:31:51 -05:00:   syscall: 'listen',
2026-04-14 21:31:51 -05:00:   address: '0.0.0.0',
2026-04-14 21:31:51 -05:00:   port: 3030
2026-04-14 21:31:51 -05:00: }
2026-04-14 21:31:53 -05:00: Error al iniciar el microservicio: Error: listen EADDRINUSE: address already in use 0.0.0.0:3030
2026-04-14 21:31:53 -05:00:     at Server.setupListenHandle [as _listen2] (node:net:1948:16)
2026-04-14 21:31:53 -05:00:     at listenInCluster (node:net:2005:12)
2026-04-14 21:31:53 -05:00:     at node:net:2214:7
2026-04-14 21:31:53 -05:00:     at process.processTicksAndRejections (node:internal/process/task_queues:90:21) {
2026-04-14 21:31:53 -05:00:   code: 'EADDRINUSE',
2026-04-14 21:31:53 -05:00:   errno: -4091,
2026-04-14 21:31:53 -05:00:   syscall: 'listen',
2026-04-14 21:31:53 -05:00:   address: '0.0.0.0',
2026-04-14 21:31:53 -05:00:   port: 3030
2026-04-14 21:31:53 -05:00: }
2026-04-14 21:31:55 -05:00: Error al iniciar el microservicio: Error: listen EADDRINUSE: address already in use 0.0.0.0:3030
2026-04-14 21:31:55 -05:00:     at Server.setupListenHandle [as _listen2] (node:net:1948:16)
2026-04-14 21:31:55 -05:00:     at listenInCluster (node:net:2005:12)
2026-04-14 21:31:55 -05:00:     at node:net:2214:7
2026-04-14 21:31:55 -05:00:     at process.processTicksAndRejections (node:internal/process/task_queues:90:21) {
2026-04-14 21:31:55 -05:00:   code: 'EADDRINUSE',
2026-04-14 21:31:55 -05:00:   errno: -4091,
2026-04-14 21:31:55 -05:00:   syscall: 'listen',
2026-04-14 21:31:55 -05:00:   address: '0.0.0.0',
2026-04-14 21:31:55 -05:00:   port: 3030
2026-04-14 21:31:55 -05:00: }
2026-04-14 21:31:56 -05:00: Error al iniciar el microservicio: Error: listen EADDRINUSE: address already in use 0.0.0.0:3030
2026-04-14 21:31:56 -05:00:     at Server.setupListenHandle [as _listen2] (node:net:1948:16)
2026-04-14 21:31:56 -05:00:     at listenInCluster (node:net:2005:12)
2026-04-14 21:31:56 -05:00:     at node:net:2214:7
2026-04-14 21:31:56 -05:00:     at process.processTicksAndRejections (node:internal/process/task_queues:90:21) {
2026-04-14 21:31:56 -05:00:   code: 'EADDRINUSE',
2026-04-14 21:31:56 -05:00:   errno: -4091,
2026-04-14 21:31:56 -05:00:   syscall: 'listen',
2026-04-14 21:31:56 -05:00:   address: '0.0.0.0',
2026-04-14 21:31:56 -05:00:   port: 3030
2026-04-14 21:31:56 -05:00: }
2026-04-14 21:31:58 -05:00: Error al iniciar el microservicio: Error: listen EADDRINUSE: address already in use 0.0.0.0:3030
2026-04-14 21:31:58 -05:00:     at Server.setupListenHandle [as _listen2] (node:net:1948:16)
2026-04-14 21:31:58 -05:00:     at listenInCluster (node:net:2005:12)
2026-04-14 21:31:58 -05:00:     at node:net:2214:7
2026-04-14 21:31:58 -05:00:     at process.processTicksAndRejections (node:internal/process/task_queues:90:21) {
2026-04-14 21:31:58 -05:00:   code: 'EADDRINUSE',
2026-04-14 21:31:58 -05:00:   errno: -4091,
2026-04-14 21:31:58 -05:00:   syscall: 'listen',
2026-04-14 21:31:58 -05:00:   address: '0.0.0.0',
2026-04-14 21:31:58 -05:00:   port: 3030
2026-04-14 21:31:58 -05:00: }
2026-04-14 21:31:59 -05:00: Error al iniciar el microservicio: Error: listen EADDRINUSE: address already in use 0.0.0.0:3030
2026-04-14 21:31:59 -05:00:     at Server.setupListenHandle [as _listen2] (node:net:1948:16)
2026-04-14 21:31:59 -05:00:     at listenInCluster (node:net:2005:12)
2026-04-14 21:31:59 -05:00:     at node:net:2214:7
2026-04-14 21:31:59 -05:00:     at process.processTicksAndRejections (node:internal/process/task_queues:90:21) {
2026-04-14 21:31:59 -05:00:   code: 'EADDRINUSE',
2026-04-14 21:31:59 -05:00:   errno: -4091,
2026-04-14 21:31:59 -05:00:   syscall: 'listen',
2026-04-14 21:31:59 -05:00:   address: '0.0.0.0',
2026-04-14 21:31:59 -05:00:   port: 3030
2026-04-14 21:31:59 -05:00: }
2026-04-14 21:32:02 -05:00: Error al iniciar el microservicio: Error: listen EADDRINUSE: address already in use 0.0.0.0:3030
2026-04-14 21:32:02 -05:00:     at Server.setupListenHandle [as _listen2] (node:net:1948:16)
2026-04-14 21:32:02 -05:00:     at listenInCluster (node:net:2005:12)
2026-04-14 21:32:02 -05:00:     at node:net:2214:7
2026-04-14 21:32:02 -05:00:     at process.processTicksAndRejections (node:internal/process/task_queues:90:21) {
2026-04-14 21:32:02 -05:00:   code: 'EADDRINUSE',
2026-04-14 21:32:02 -05:00:   errno: -4091,
2026-04-14 21:32:02 -05:00:   syscall: 'listen',
2026-04-14 21:32:02 -05:00:   address: '0.0.0.0',
2026-04-14 21:32:02 -05:00:   port: 3030
2026-04-14 21:32:02 -05:00: }
2026-04-14 21:32:03 -05:00: Error al iniciar el microservicio: Error: listen EADDRINUSE: address already in use 0.0.0.0:3030
2026-04-14 21:32:03 -05:00:     at Server.setupListenHandle [as _listen2] (node:net:1948:16)
2026-04-14 21:32:03 -05:00:     at listenInCluster (node:net:2005:12)
2026-04-14 21:32:03 -05:00:     at node:net:2214:7
2026-04-14 21:32:03 -05:00:     at process.processTicksAndRejections (node:internal/process/task_queues:90:21) {
2026-04-14 21:32:03 -05:00:   code: 'EADDRINUSE',
2026-04-14 21:32:03 -05:00:   errno: -4091,
2026-04-14 21:32:03 -05:00:   syscall: 'listen',
2026-04-14 21:32:03 -05:00:   address: '0.0.0.0',
2026-04-14 21:32:03 -05:00:   port: 3030
2026-04-14 21:32:03 -05:00: }
2026-04-14 21:32:05 -05:00: Error al iniciar el microservicio: Error: listen EADDRINUSE: address already in use 0.0.0.0:3030
2026-04-14 21:32:05 -05:00:     at Server.setupListenHandle [as _listen2] (node:net:1948:16)
2026-04-14 21:32:05 -05:00:     at listenInCluster (node:net:2005:12)
2026-04-14 21:32:05 -05:00:     at node:net:2214:7
2026-04-14 21:32:05 -05:00:     at process.processTicksAndRejections (node:internal/process/task_queues:90:21) {
2026-04-14 21:32:05 -05:00:   code: 'EADDRINUSE',
2026-04-14 21:32:05 -05:00:   errno: -4091,
2026-04-14 21:32:05 -05:00:   syscall: 'listen',
2026-04-14 21:32:05 -05:00:   address: '0.0.0.0',
2026-04-14 21:32:05 -05:00:   port: 3030
2026-04-14 21:32:05 -05:00: }
2026-04-14 21:32:06 -05:00: Error al iniciar el microservicio: Error: listen EADDRINUSE: address already in use 0.0.0.0:3030
2026-04-14 21:32:06 -05:00:     at Server.setupListenHandle [as _listen2] (node:net:1948:16)
2026-04-14 21:32:06 -05:00:     at listenInCluster (node:net:2005:12)
2026-04-14 21:32:06 -05:00:     at node:net:2214:7
2026-04-14 21:32:06 -05:00:     at process.processTicksAndRejections (node:internal/process/task_queues:90:21) {
2026-04-14 21:32:06 -05:00:   code: 'EADDRINUSE',
2026-04-14 21:32:06 -05:00:   errno: -4091,
2026-04-14 21:32:06 -05:00:   syscall: 'listen',
2026-04-14 21:32:06 -05:00:   address: '0.0.0.0',
2026-04-14 21:32:06 -05:00:   port: 3030
2026-04-14 21:32:06 -05:00: }
2026-04-14 21:32:08 -05:00: Error al iniciar el microservicio: Error: listen EADDRINUSE: address already in use 0.0.0.0:3030
2026-04-14 21:32:08 -05:00:     at Server.setupListenHandle [as _listen2] (node:net:1948:16)
2026-04-14 21:32:08 -05:00:     at listenInCluster (node:net:2005:12)
2026-04-14 21:32:08 -05:00:     at node:net:2214:7
2026-04-14 21:32:08 -05:00:     at process.processTicksAndRejections (node:internal/process/task_queues:90:21) {
2026-04-14 21:32:08 -05:00:   code: 'EADDRINUSE',
2026-04-14 21:32:08 -05:00:   errno: -4091,
2026-04-14 21:32:08 -05:00:   syscall: 'listen',
2026-04-14 21:32:08 -05:00:   address: '0.0.0.0',
2026-04-14 21:32:08 -05:00:   port: 3030
2026-04-14 21:32:08 -05:00: }
2026-04-14 21:32:10 -05:00: Error al iniciar el microservicio: Error: listen EADDRINUSE: address already in use 0.0.0.0:3030
2026-04-14 21:32:10 -05:00:     at Server.setupListenHandle [as _listen2] (node:net:1948:16)
2026-04-14 21:32:10 -05:00:     at listenInCluster (node:net:2005:12)
2026-04-14 21:32:10 -05:00:     at node:net:2214:7
2026-04-14 21:32:10 -05:00:     at process.processTicksAndRejections (node:internal/process/task_queues:90:21) {
2026-04-14 21:32:10 -05:00:   code: 'EADDRINUSE',
2026-04-14 21:32:10 -05:00:   errno: -4091,
2026-04-14 21:32:10 -05:00:   syscall: 'listen',
2026-04-14 21:32:10 -05:00:   address: '0.0.0.0',
2026-04-14 21:32:10 -05:00:   port: 3030
2026-04-14 21:32:10 -05:00: }
2026-04-14 21:32:11 -05:00: Error al iniciar el microservicio: Error: listen EADDRINUSE: address already in use 0.0.0.0:3030
2026-04-14 21:32:11 -05:00:     at Server.setupListenHandle [as _listen2] (node:net:1948:16)
2026-04-14 21:32:11 -05:00:     at listenInCluster (node:net:2005:12)
2026-04-14 21:32:11 -05:00:     at node:net:2214:7
2026-04-14 21:32:11 -05:00:     at process.processTicksAndRejections (node:internal/process/task_queues:90:21) {
2026-04-14 21:32:11 -05:00:   code: 'EADDRINUSE',
2026-04-14 21:32:11 -05:00:   errno: -4091,
2026-04-14 21:32:11 -05:00:   syscall: 'listen',
2026-04-14 21:32:11 -05:00:   address: '0.0.0.0',
2026-04-14 21:32:11 -05:00:   port: 3030
2026-04-14 21:32:11 -05:00: }
2026-04-14 21:32:13 -05:00: Error al iniciar el microservicio: Error: listen EADDRINUSE: address already in use 0.0.0.0:3030
2026-04-14 21:32:13 -05:00:     at Server.setupListenHandle [as _listen2] (node:net:1948:16)
2026-04-14 21:32:13 -05:00:     at listenInCluster (node:net:2005:12)
2026-04-14 21:32:13 -05:00:     at node:net:2214:7
2026-04-14 21:32:13 -05:00:     at process.processTicksAndRejections (node:internal/process/task_queues:90:21) {
2026-04-14 21:32:13 -05:00:   code: 'EADDRINUSE',
2026-04-14 21:32:13 -05:00:   errno: -4091,
2026-04-14 21:32:13 -05:00:   syscall: 'listen',
2026-04-14 21:32:13 -05:00:   address: '0.0.0.0',
2026-04-14 21:32:13 -05:00:   port: 3030
2026-04-14 21:32:13 -05:00: }
2026-04-14 21:32:15 -05:00: Error al iniciar el microservicio: Error: listen EADDRINUSE: address already in use 0.0.0.0:3030
2026-04-14 21:32:15 -05:00:     at Server.setupListenHandle [as _listen2] (node:net:1948:16)
2026-04-14 21:32:15 -05:00:     at listenInCluster (node:net:2005:12)
2026-04-14 21:32:15 -05:00:     at node:net:2214:7
2026-04-14 21:32:15 -05:00:     at process.processTicksAndRejections (node:internal/process/task_queues:90:21) {
2026-04-14 21:32:15 -05:00:   code: 'EADDRINUSE',
2026-04-14 21:32:15 -05:00:   errno: -4091,
2026-04-14 21:32:15 -05:00:   syscall: 'listen',
2026-04-14 21:32:15 -05:00:   address: '0.0.0.0',
2026-04-14 21:32:15 -05:00:   port: 3030
2026-04-14 21:32:15 -05:00: }
2026-04-14 21:32:17 -05:00: Error al iniciar el microservicio: Error: listen EADDRINUSE: address already in use 0.0.0.0:3030
2026-04-14 21:32:17 -05:00:     at Server.setupListenHandle [as _listen2] (node:net:1948:16)
2026-04-14 21:32:17 -05:00:     at listenInCluster (node:net:2005:12)
2026-04-14 21:32:17 -05:00:     at node:net:2214:7
2026-04-14 21:32:17 -05:00:     at process.processTicksAndRejections (node:internal/process/task_queues:90:21) {
2026-04-14 21:32:17 -05:00:   code: 'EADDRINUSE',
2026-04-14 21:32:17 -05:00:   errno: -4091,
2026-04-14 21:32:17 -05:00:   syscall: 'listen',
2026-04-14 21:32:17 -05:00:   address: '0.0.0.0',
2026-04-14 21:32:17 -05:00:   port: 3030
2026-04-14 21:32:17 -05:00: }
2026-04-14 21:32:18 -05:00: Error al iniciar el microservicio: Error: listen EADDRINUSE: address already in use 0.0.0.0:3030
2026-04-14 21:32:18 -05:00:     at Server.setupListenHandle [as _listen2] (node:net:1948:16)
2026-04-14 21:32:18 -05:00:     at listenInCluster (node:net:2005:12)
2026-04-14 21:32:18 -05:00:     at node:net:2214:7
2026-04-14 21:32:18 -05:00:     at process.processTicksAndRejections (node:internal/process/task_queues:90:21) {
2026-04-14 21:32:18 -05:00:   code: 'EADDRINUSE',
2026-04-14 21:32:18 -05:00:   errno: -4091,
2026-04-14 21:32:18 -05:00:   syscall: 'listen',
2026-04-14 21:32:18 -05:00:   address: '0.0.0.0',
2026-04-14 21:32:18 -05:00:   port: 3030
2026-04-14 21:32:18 -05:00: }
2026-04-14 21:32:20 -05:00: Error al iniciar el microservicio: Error: listen EADDRINUSE: address already in use 0.0.0.0:3030
2026-04-14 21:32:20 -05:00:     at Server.setupListenHandle [as _listen2] (node:net:1948:16)
2026-04-14 21:32:20 -05:00:     at listenInCluster (node:net:2005:12)
2026-04-14 21:32:20 -05:00:     at node:net:2214:7
2026-04-14 21:32:20 -05:00:     at process.processTicksAndRejections (node:internal/process/task_queues:90:21) {
2026-04-14 21:32:20 -05:00:   code: 'EADDRINUSE',
2026-04-14 21:32:20 -05:00:   errno: -4091,
2026-04-14 21:32:20 -05:00:   syscall: 'listen',
2026-04-14 21:32:20 -05:00:   address: '0.0.0.0',
2026-04-14 21:32:20 -05:00:   port: 3030
2026-04-14 21:32:20 -05:00: }
2026-04-14 21:32:21 -05:00: Error al iniciar el microservicio: Error: listen EADDRINUSE: address already in use 0.0.0.0:3030
2026-04-14 21:32:21 -05:00:     at Server.setupListenHandle [as _listen2] (node:net:1948:16)
2026-04-14 21:32:21 -05:00:     at listenInCluster (node:net:2005:12)
2026-04-14 21:32:21 -05:00:     at node:net:2214:7
2026-04-14 21:32:21 -05:00:     at process.processTicksAndRejections (node:internal/process/task_queues:90:21) {
2026-04-14 21:32:21 -05:00:   code: 'EADDRINUSE',
2026-04-14 21:32:21 -05:00:   errno: -4091,
2026-04-14 21:32:21 -05:00:   syscall: 'listen',
2026-04-14 21:32:21 -05:00:   address: '0.0.0.0',
2026-04-14 21:32:21 -05:00:   port: 3030
2026-04-14 21:32:21 -05:00: }
2026-04-14 21:32:22 -05:00: Error al iniciar el microservicio: Error: listen EADDRINUSE: address already in use 0.0.0.0:3030
2026-04-14 21:32:22 -05:00:     at Server.setupListenHandle [as _listen2] (node:net:1948:16)
2026-04-14 21:32:22 -05:00:     at listenInCluster (node:net:2005:12)
2026-04-14 21:32:22 -05:00:     at node:net:2214:7
2026-04-14 21:32:22 -05:00:     at process.processTicksAndRejections (node:internal/process/task_queues:90:21) {
2026-04-14 21:32:22 -05:00:   code: 'EADDRINUSE',
2026-04-14 21:32:22 -05:00:   errno: -4091,
2026-04-14 21:32:22 -05:00:   syscall: 'listen',
2026-04-14 21:32:22 -05:00:   address: '0.0.0.0',
2026-04-14 21:32:22 -05:00:   port: 3030
2026-04-14 21:32:22 -05:00: }
2026-04-14 21:32:24 -05:00: Error al iniciar el microservicio: Error: listen EADDRINUSE: address already in use 0.0.0.0:3030
2026-04-14 21:32:24 -05:00:     at Server.setupListenHandle [as _listen2] (node:net:1948:16)
2026-04-14 21:32:24 -05:00:     at listenInCluster (node:net:2005:12)
2026-04-14 21:32:24 -05:00:     at node:net:2214:7
2026-04-14 21:32:24 -05:00:     at process.processTicksAndRejections (node:internal/process/task_queues:90:21) {
2026-04-14 21:32:24 -05:00:   code: 'EADDRINUSE',
2026-04-14 21:32:24 -05:00:   errno: -4091,
2026-04-14 21:32:24 -05:00:   syscall: 'listen',
2026-04-14 21:32:24 -05:00:   address: '0.0.0.0',
2026-04-14 21:32:24 -05:00:   port: 3030
2026-04-14 21:32:24 -05:00: }
2026-04-14 21:32:26 -05:00: Error al iniciar el microservicio: Error: listen EADDRINUSE: address already in use 0.0.0.0:3030
2026-04-14 21:32:26 -05:00:     at Server.setupListenHandle [as _listen2] (node:net:1948:16)
2026-04-14 21:32:26 -05:00:     at listenInCluster (node:net:2005:12)
2026-04-14 21:32:26 -05:00:     at node:net:2214:7
2026-04-14 21:32:26 -05:00:     at process.processTicksAndRejections (node:internal/process/task_queues:90:21) {
2026-04-14 21:32:26 -05:00:   code: 'EADDRINUSE',
2026-04-14 21:32:26 -05:00:   errno: -4091,
2026-04-14 21:32:26 -05:00:   syscall: 'listen',
2026-04-14 21:32:26 -05:00:   address: '0.0.0.0',
2026-04-14 21:32:26 -05:00:   port: 3030
2026-04-14 21:32:26 -05:00: }
2026-04-14 21:32:28 -05:00: Error al iniciar el microservicio: Error: listen EADDRINUSE: address already in use 0.0.0.0:3030
2026-04-14 21:32:28 -05:00:     at Server.setupListenHandle [as _listen2] (node:net:1948:16)
2026-04-14 21:32:28 -05:00:     at listenInCluster (node:net:2005:12)
2026-04-14 21:32:28 -05:00:     at node:net:2214:7
2026-04-14 21:32:28 -05:00:     at process.processTicksAndRejections (node:internal/process/task_queues:90:21) {
2026-04-14 21:32:28 -05:00:   code: 'EADDRINUSE',
2026-04-14 21:32:28 -05:00:   errno: -4091,
2026-04-14 21:32:28 -05:00:   syscall: 'listen',
2026-04-14 21:32:28 -05:00:   address: '0.0.0.0',
2026-04-14 21:32:28 -05:00:   port: 3030
2026-04-14 21:32:28 -05:00: }
2026-04-14 21:32:30 -05:00: Error al iniciar el microservicio: Error: listen EADDRINUSE: address already in use 0.0.0.0:3030
2026-04-14 21:32:30 -05:00:     at Server.setupListenHandle [as _listen2] (node:net:1948:16)
2026-04-14 21:32:30 -05:00:     at listenInCluster (node:net:2005:12)
2026-04-14 21:32:30 -05:00:     at node:net:2214:7
2026-04-14 21:32:30 -05:00:     at process.processTicksAndRejections (node:internal/process/task_queues:90:21) {
2026-04-14 21:32:30 -05:00:   code: 'EADDRINUSE',
2026-04-14 21:32:30 -05:00:   errno: -4091,
2026-04-14 21:32:30 -05:00:   syscall: 'listen',
2026-04-14 21:32:30 -05:00:   address: '0.0.0.0',
2026-04-14 21:32:30 -05:00:   port: 3030
2026-04-14 21:32:30 -05:00: }
2026-04-14 21:32:31 -05:00: Error al iniciar el microservicio: Error: listen EADDRINUSE: address already in use 0.0.0.0:3030
2026-04-14 21:32:31 -05:00:     at Server.setupListenHandle [as _listen2] (node:net:1948:16)
2026-04-14 21:32:31 -05:00:     at listenInCluster (node:net:2005:12)
2026-04-14 21:32:31 -05:00:     at node:net:2214:7
2026-04-14 21:32:31 -05:00:     at process.processTicksAndRejections (node:internal/process/task_queues:90:21) {
2026-04-14 21:32:31 -05:00:   code: 'EADDRINUSE',
2026-04-14 21:32:31 -05:00:   errno: -4091,
2026-04-14 21:32:31 -05:00:   syscall: 'listen',
2026-04-14 21:32:31 -05:00:   address: '0.0.0.0',
2026-04-14 21:32:31 -05:00:   port: 3030
2026-04-14 21:32:31 -05:00: }
2026-04-14 21:32:33 -05:00: Error al iniciar el microservicio: Error: listen EADDRINUSE: address already in use 0.0.0.0:3030
2026-04-14 21:32:33 -05:00:     at Server.setupListenHandle [as _listen2] (node:net:1948:16)
2026-04-14 21:32:33 -05:00:     at listenInCluster (node:net:2005:12)
2026-04-14 21:32:33 -05:00:     at node:net:2214:7
2026-04-14 21:32:33 -05:00:     at process.processTicksAndRejections (node:internal/process/task_queues:90:21) {
2026-04-14 21:32:33 -05:00:   code: 'EADDRINUSE',
2026-04-14 21:32:33 -05:00:   errno: -4091,
2026-04-14 21:32:33 -05:00:   syscall: 'listen',
2026-04-14 21:32:33 -05:00:   address: '0.0.0.0',
2026-04-14 21:32:33 -05:00:   port: 3030
2026-04-14 21:32:33 -05:00: }
2026-04-14 21:32:34 -05:00: Error al iniciar el microservicio: Error: listen EADDRINUSE: address already in use 0.0.0.0:3030
2026-04-14 21:32:34 -05:00:     at Server.setupListenHandle [as _listen2] (node:net:1948:16)
2026-04-14 21:32:34 -05:00:     at listenInCluster (node:net:2005:12)
2026-04-14 21:32:34 -05:00:     at node:net:2214:7
2026-04-14 21:32:34 -05:00:     at process.processTicksAndRejections (node:internal/process/task_queues:90:21) {
2026-04-14 21:32:34 -05:00:   code: 'EADDRINUSE',
2026-04-14 21:32:34 -05:00:   errno: -4091,
2026-04-14 21:32:34 -05:00:   syscall: 'listen',
2026-04-14 21:32:34 -05:00:   address: '0.0.0.0',
2026-04-14 21:32:34 -05:00:   port: 3030
2026-04-14 21:32:34 -05:00: }
2026-04-14 21:32:36 -05:00: Error al iniciar el microservicio: Error: listen EADDRINUSE: address already in use 0.0.0.0:3030
2026-04-14 21:32:36 -05:00:     at Server.setupListenHandle [as _listen2] (node:net:1948:16)
2026-04-14 21:32:36 -05:00:     at listenInCluster (node:net:2005:12)
2026-04-14 21:32:36 -05:00:     at node:net:2214:7
2026-04-14 21:32:36 -05:00:     at process.processTicksAndRejections (node:internal/process/task_queues:90:21) {
2026-04-14 21:32:36 -05:00:   code: 'EADDRINUSE',
2026-04-14 21:32:36 -05:00:   errno: -4091,
2026-04-14 21:32:36 -05:00:   syscall: 'listen',
2026-04-14 21:32:36 -05:00:   address: '0.0.0.0',
2026-04-14 21:32:36 -05:00:   port: 3030
2026-04-14 21:32:36 -05:00: }
2026-04-14 21:32:38 -05:00: Error al iniciar el microservicio: Error: listen EADDRINUSE: address already in use 0.0.0.0:3030
2026-04-14 21:32:38 -05:00:     at Server.setupListenHandle [as _listen2] (node:net:1948:16)
2026-04-14 21:32:38 -05:00:     at listenInCluster (node:net:2005:12)
2026-04-14 21:32:38 -05:00:     at node:net:2214:7
2026-04-14 21:32:38 -05:00:     at process.processTicksAndRejections (node:internal/process/task_queues:90:21) {
2026-04-14 21:32:38 -05:00:   code: 'EADDRINUSE',
2026-04-14 21:32:38 -05:00:   errno: -4091,
2026-04-14 21:32:38 -05:00:   syscall: 'listen',
2026-04-14 21:32:38 -05:00:   address: '0.0.0.0',
2026-04-14 21:32:38 -05:00:   port: 3030
2026-04-14 21:32:38 -05:00: }
2026-04-14 21:32:39 -05:00: Error al iniciar el microservicio: Error: listen EADDRINUSE: address already in use 0.0.0.0:3030
2026-04-14 21:32:39 -05:00:     at Server.setupListenHandle [as _listen2] (node:net:1948:16)
2026-04-14 21:32:39 -05:00:     at listenInCluster (node:net:2005:12)
2026-04-14 21:32:39 -05:00:     at node:net:2214:7
2026-04-14 21:32:39 -05:00:     at process.processTicksAndRejections (node:internal/process/task_queues:90:21) {
2026-04-14 21:32:39 -05:00:   code: 'EADDRINUSE',
2026-04-14 21:32:39 -05:00:   errno: -4091,
2026-04-14 21:32:39 -05:00:   syscall: 'listen',
2026-04-14 21:32:39 -05:00:   address: '0.0.0.0',
2026-04-14 21:32:39 -05:00:   port: 3030
2026-04-14 21:32:39 -05:00: }
