2026-04-14 21:29:45 -05:00: Base de datos conectada correctamente
2026-04-14 21:29:47 -05:00: Base de datos conectada correctamente
2026-04-14 21:29:51 -05:00: Base de datos conectada correctamente
2026-04-14 21:29:54 -05:00: Base de datos conectada correctamente
2026-04-14 21:29:56 -05:00: Base de datos conectada correctamente
2026-04-14 21:29:57 -05:00: Base de datos conectada correctamente
2026-04-14 21:30:00 -05:00: Base de datos conectada correctamente
2026-04-14 21:30:01 -05:00: Base de datos conectada correctamente
2026-04-14 21:30:03 -05:00: Base de datos conectada correctamente
2026-04-14 21:30:05 -05:00: Base de datos conectada correctamente
2026-04-14 21:30:08 -05:00: Base de datos conectada correctamente
2026-04-14 21:30:10 -05:00: Base de datos conectada correctamente
2026-04-14 21:30:11 -05:00: Base de datos conectada correctamente
2026-04-14 21:30:13 -05:00: Base de datos conectada correctamente
2026-04-14 21:30:15 -05:00: Base de datos conectada correctamente
2026-04-14 21:30:17 -05:00: Base de datos conectada correctamente
2026-04-14 21:30:18 -05:00: Base de datos conectada correctamente
2026-04-14 21:30:20 -05:00: Base de datos conectada correctamente
2026-04-14 21:30:21 -05:00: Base de datos conectada correctamente
2026-04-14 21:30:23 -05:00: Base de datos conectada correctamente
2026-04-14 21:30:25 -05:00: Base de datos conectada correctamente
2026-04-14 21:30:27 -05:00: Base de datos conectada correctamente
2026-04-14 21:30:29 -05:00: Base de datos conectada correctamente
2026-04-14 21:30:30 -05:00: Base de datos conectada correctamente
2026-04-14 21:30:32 -05:00: Base de datos conectada correctamente
2026-04-14 21:30:33 -05:00: Base de datos conectada correctamente
2026-04-14 21:30:35 -05:00: Base de datos conectada correctamente
2026-04-14 21:30:36 -05:00: Base de datos conectada correctamente
2026-04-14 21:30:38 -05:00: Base de datos conectada correctamente
2026-04-14 21:30:40 -05:00: Base de datos conectada correctamente
2026-04-14 21:30:41 -05:00: Base de datos conectada correctamente
2026-04-14 21:30:43 -05:00: Base de datos conectada correctamente
2026-04-14 21:30:44 -05:00: Base de datos conectada correctamente
2026-04-14 21:30:46 -05:00: Base de datos conectada correctamente
2026-04-14 21:30:47 -05:00: Base de datos conectada correctamente
2026-04-14 21:30:49 -05:00: Base de datos conectada correctamente
2026-04-14 21:30:51 -05:00: Base de datos conectada correctamente
2026-04-14 21:30:52 -05:00: Base de datos conectada correctamente
2026-04-14 21:30:54 -05:00: Base de datos conectada correctamente
2026-04-14 21:30:55 -05:00: Base de datos conectada correctamente
2026-04-14 21:30:57 -05:00: Base de datos conectada correctamente
2026-04-14 21:30:59 -05:00: Base de datos conectada correctamente
2026-04-14 21:31:00 -05:00: Base de datos conectada correctamente
2026-04-14 21:31:02 -05:00: Base de datos conectada correctamente
2026-04-14 21:31:03 -05:00: Base de datos conectada correctamente
2026-04-14 21:31:05 -05:00: Base de datos conectada correctamente
2026-04-14 21:31:06 -05:00: Base de datos conectada correctamente
2026-04-14 21:31:07 -05:00: Base de datos conectada correctamente
2026-04-14 21:31:09 -05:00: Base de datos conectada correctamente
2026-04-14 21:31:11 -05:00: Base de datos conectada correctamente
2026-04-14 21:31:13 -05:00: Base de datos conectada correctamente
2026-04-14 21:31:14 -05:00: Base de datos conectada correctamente
2026-04-14 21:31:16 -05:00: Base de datos conectada correctamente
2026-04-14 21:31:17 -05:00: Base de datos conectada correctamente
2026-04-14 21:31:19 -05:00: Base de datos conectada correctamente
2026-04-14 21:31:20 -05:00: Base de datos conectada correctamente
2026-04-14 21:31:22 -05:00: Base de datos conectada correctamente
2026-04-14 21:31:23 -05:00: Base de datos conectada correctamente
2026-04-14 21:31:25 -05:00: Base de datos conectada correctamente
2026-04-14 21:31:27 -05:00: Base de datos conectada correctamente
2026-04-14 21:31:28 -05:00: Base de datos conectada correctamente
2026-04-14 21:31:30 -05:00: Base de datos conectada correctamente
2026-04-14 21:31:32 -05:00: Base de datos conectada correctamente
2026-04-14 21:31:33 -05:00: Base de datos conectada correctamente
2026-04-14 21:31:35 -05:00: Base de datos conectada correctamente
2026-04-14 21:31:37 -05:00: Base de datos conectada correctamente
2026-04-14 21:31:39 -05:00: Base de datos conectada correctamente
2026-04-14 21:31:40 -05:00: Base de datos conectada correctamente
2026-04-14 21:31:42 -05:00: Base de datos conectada correctamente
2026-04-14 21:31:43 -05:00: Base de datos conectada correctamente
2026-04-14 21:31:45 -05:00: Base de datos conectada correctamente
2026-04-14 21:31:46 -05:00: Base de datos conectada correctamente
2026-04-14 21:31:48 -05:00: Base de datos conectada correctamente
2026-04-14 21:31:49 -05:00: Base de datos conectada correctamente
2026-04-14 21:31:51 -05:00: Base de datos conectada correctamente
2026-04-14 21:31:53 -05:00: Base de datos conectada correctamente
2026-04-14 21:31:55 -05:00: Base de datos conectada correctamente
2026-04-14 21:31:56 -05:00: Base de datos conectada correctamente
2026-04-14 21:31:58 -05:00: Base de datos conectada correctamente
2026-04-14 21:31:59 -05:00: Base de datos conectada correctamente
2026-04-14 21:32:02 -05:00: Base de datos conectada correctamente
2026-04-14 21:32:03 -05:00: Base de datos conectada correctamente
2026-04-14 21:32:05 -05:00: Base de datos conectada correctamente
2026-04-14 21:32:06 -05:00: Base de datos conectada correctamente
2026-04-14 21:32:08 -05:00: Base de datos conectada correctamente
2026-04-14 21:32:10 -05:00: Base de datos conectada correctamente
2026-04-14 21:32:11 -05:00: Base de datos conectada correctamente
2026-04-14 21:32:13 -05:00: Base de datos conectada correctamente
2026-04-14 21:32:15 -05:00: Base de datos conectada correctamente
2026-04-14 21:32:16 -05:00: Base de datos conectada correctamente
2026-04-14 21:32:18 -05:00: Base de datos conectada correctamente
2026-04-14 21:32:20 -05:00: Base de datos conectada correctamente
2026-04-14 21:32:21 -05:00: Base de datos conectada correctamente
2026-04-14 21:32:22 -05:00: Base de datos conectada correctamente
2026-04-14 21:32:24 -05:00: Base de datos conectada correctamente
2026-04-14 21:32:26 -05:00: Base de datos conectada correctamente
2026-04-14 21:32:28 -05:00: Base de datos conectada correctamente
2026-04-14 21:32:30 -05:00: Base de datos conectada correctamente
2026-04-14 21:32:31 -05:00: Base de datos conectada correctamente
2026-04-14 21:32:33 -05:00: Base de datos conectada correctamente
2026-04-14 21:32:34 -05:00: Base de datos conectada correctamente
2026-04-14 21:32:36 -05:00: Base de datos conectada correctamente
2026-04-14 21:32:38 -05:00: Base de datos conectada correctamente
2026-04-14 21:32:39 -05:00: Base de datos conectada correctamente
2026-04-14 21:32:41 -05:00: Base de datos conectada correctamente
2026-04-14 21:32:41 -05:00: {"level":30,"time":1776220361990,"pid":14932,"hostname":"DESKTOP-PB9K3UF","msg":"Server listening at http://0.0.0.0:3030"}
2026-04-14 21:32:41 -05:00: ==========================================
2026-04-14 21:32:41 -05:00:  Microservicio de Seguridad / Autenticación
2026-04-14 21:32:41 -05:00:  PAYGO
2026-04-14 21:32:41 -05:00:  Puerto: 3030
2026-04-14 21:32:41 -05:00: ==========================================
2026-04-14 21:32:57 -05:00: Base de datos conectada correctamente
2026-04-14 21:32:57 -05:00: {"level":30,"time":1776220377507,"pid":6972,"hostname":"DESKTOP-PB9K3UF","msg":"Server listening at http://0.0.0.0:3030"}
2026-04-14 21:32:57 -05:00: ==========================================
2026-04-14 21:32:57 -05:00:  Microservicio de Seguridad / Autenticación
2026-04-14 21:32:57 -05:00:  PAYGO
2026-04-14 21:32:57 -05:00:  Puerto: 3030
2026-04-14 21:32:57 -05:00: ==========================================
2026-04-14 21:33:25 -05:00: {"level":30,"time":1776220405057,"pid":6972,"hostname":"DESKTOP-PB9K3UF","reqId":"req-1","req":{"method":"GET","url":"/health","hostname":"localhost:3030","remoteAddress":"127.0.0.1","remotePort":55485},"msg":"incoming request"}
2026-04-14 21:33:25 -05:00: {"level":30,"time":1776220405068,"pid":6972,"hostname":"DESKTOP-PB9K3UF","reqId":"req-1","res":{"statusCode":200},"responseTime":9.476999998092651,"msg":"request completed"}
2026-04-14 21:37:10 -05:00: {"level":30,"time":1776220630692,"pid":6972,"hostname":"DESKTOP-PB9K3UF","reqId":"req-2","req":{"method":"GET","url":"/health","hostname":"seguridad.spartanfitsystem.com","remoteAddress":"127.0.0.1","remotePort":49212},"msg":"incoming request"}
2026-04-14 21:37:10 -05:00: {"level":30,"time":1776220630693,"pid":6972,"hostname":"DESKTOP-PB9K3UF","reqId":"req-2","res":{"statusCode":200},"responseTime":0.5894999951124191,"msg":"request completed"}
2026-04-14 21:37:11 -05:00: {"level":30,"time":1776220631052,"pid":6972,"hostname":"DESKTOP-PB9K3UF","reqId":"req-3","req":{"method":"GET","url":"/favicon.ico","hostname":"seguridad.spartanfitsystem.com","remoteAddress":"127.0.0.1","remotePort":49212},"msg":"incoming request"}
2026-04-14 21:37:11 -05:00: {"level":30,"time":1776220631053,"pid":6972,"hostname":"DESKTOP-PB9K3UF","reqId":"req-3","res":{"statusCode":404},"responseTime":0.7825000062584877,"msg":"request completed"}
2026-04-14 21:40:03 -05:00: {"level":30,"time":1776220803895,"pid":6972,"hostname":"DESKTOP-PB9K3UF","reqId":"req-4","req":{"method":"GET","url":"/health","hostname":"seguridad.spartanfitsystem.com","remoteAddress":"127.0.0.1","remotePort":51537},"msg":"incoming request"}
2026-04-14 21:40:03 -05:00: {"level":30,"time":1776220803896,"pid":6972,"hostname":"DESKTOP-PB9K3UF","reqId":"req-4","res":{"statusCode":200},"responseTime":0.46869999915361404,"msg":"request completed"}
2026-04-14 21:40:04 -05:00: {"level":30,"time":1776220804277,"pid":6972,"hostname":"DESKTOP-PB9K3UF","reqId":"req-5","req":{"method":"GET","url":"/favicon.ico","hostname":"seguridad.spartanfitsystem.com","remoteAddress":"127.0.0.1","remotePort":51537},"msg":"incoming request"}
2026-04-14 21:40:04 -05:00: {"level":30,"time":1776220804278,"pid":6972,"hostname":"DESKTOP-PB9K3UF","reqId":"req-5","res":{"statusCode":404},"responseTime":0.44179999828338623,"msg":"request completed"}
2026-04-14 21:46:14 -05:00: {"level":30,"time":1776221174130,"pid":6972,"hostname":"DESKTOP-PB9K3UF","reqId":"req-6","req":{"method":"GET","url":"/health","hostname":"seguridad.spartanfitsystem.com","remoteAddress":"127.0.0.1","remotePort":54674},"msg":"incoming request"}
2026-04-14 21:46:14 -05:00: {"level":30,"time":1776221174131,"pid":6972,"hostname":"DESKTOP-PB9K3UF","reqId":"req-6","res":{"statusCode":200},"responseTime":0.45980000495910645,"msg":"request completed"}
2026-04-14 21:46:16 -05:00: {"level":30,"time":1776221176424,"pid":6972,"hostname":"DESKTOP-PB9K3UF","reqId":"req-7","req":{"method":"GET","url":"/health","hostname":"seguridad.spartanfitsystem.com","remoteAddress":"127.0.0.1","remotePort":54674},"msg":"incoming request"}
2026-04-14 21:46:16 -05:00: {"level":30,"time":1776221176424,"pid":6972,"hostname":"DESKTOP-PB9K3UF","reqId":"req-7","res":{"statusCode":200},"responseTime":0.4246999993920326,"msg":"request completed"}
2026-04-15 10:48:31 -05:00: Base de datos conectada correctamente
2026-04-15 10:48:31 -05:00: {"level":30,"time":1776268111443,"pid":10708,"hostname":"DESKTOP-PB9K3UF","msg":"Server listening at http://0.0.0.0:3030"}
2026-04-15 10:48:31 -05:00: ==========================================
2026-04-15 10:48:31 -05:00:  Microservicio de Seguridad / Autenticación
2026-04-15 10:48:31 -05:00:  PAYGO
2026-04-15 10:48:31 -05:00:  Puerto: 3030
2026-04-15 10:48:31 -05:00: ==========================================
2026-04-15 10:58:45 -05:00: {"level":30,"time":1776268725491,"pid":10708,"hostname":"DESKTOP-PB9K3UF","reqId":"req-1","req":{"method":"POST","url":"/api/auth/login-local","hostname":"seguridad.spartanfitsystem.com","remoteAddress":"127.0.0.1","remotePort":57175},"msg":"incoming request"}
2026-04-15 10:58:46 -05:00: {"level":50,"time":1776268726470,"pid":10708,"hostname":"DESKTOP-PB9K3UF","err":{"type":"InvalidCredentialsError","message":"Credenciales inválidas","stack":"InvalidCredentialsError: Credenciales inválidas\n    at LoginPersonaLocalUseCase.execute (file:///C:/Users/Usuario/Documents/PROYECTOS/ms-final/ms-final/dist/core/application/use-cases/seguridad/login-persona-local.use-case.js:71:19)\n    at process.processTicksAndRejections (node:internal/process/task_queues:104:5)\n    at async Object.loginLocal (file:///C:/Users/Usuario/Documents/PROYECTOS/ms-final/ms-final/dist/modules/seguridad/infrastructure/interface/http/controllers/persona.controller.js:99:24)","name":"InvalidCredentialsError"},"msg":"Credenciales inválidas"}
2026-04-15 10:58:46 -05:00: {"level":30,"time":1776268726474,"pid":10708,"hostname":"DESKTOP-PB9K3UF","reqId":"req-1","res":{"statusCode":401},"responseTime":982.2528000000166,"msg":"request completed"}
2026-04-15 10:58:58 -05:00: {"level":30,"time":1776268738241,"pid":10708,"hostname":"DESKTOP-PB9K3UF","reqId":"req-2","req":{"method":"POST","url":"/api/auth/login-local","hostname":"seguridad.spartanfitsystem.com","remoteAddress":"127.0.0.1","remotePort":57175},"msg":"incoming request"}
2026-04-15 10:58:58 -05:00: {"level":30,"time":1776268738402,"pid":10708,"hostname":"DESKTOP-PB9K3UF","reqId":"req-2","res":{"statusCode":200},"responseTime":160.88650000002235,"msg":"request completed"}
2026-04-15 10:59:31 -05:00: {"level":30,"time":1776268771139,"pid":10708,"hostname":"DESKTOP-PB9K3UF","reqId":"req-3","req":{"method":"POST","url":"/api/auth/login-local","hostname":"seguridad.spartanfitsystem.com","remoteAddress":"127.0.0.1","remotePort":57175},"msg":"incoming request"}
2026-04-15 10:59:31 -05:00: {"level":30,"time":1776268771272,"pid":10708,"hostname":"DESKTOP-PB9K3UF","reqId":"req-3","res":{"statusCode":200},"responseTime":132.9932999999728,"msg":"request completed"}
2026-04-15 11:26:27 -05:00: {"level":30,"time":1776270387353,"pid":10708,"hostname":"DESKTOP-PB9K3UF","reqId":"req-4","req":{"method":"POST","url":"/api/auth/register/iniciar","hostname":"seguridad.spartanfitsystem.com","remoteAddress":"127.0.0.1","remotePort":63959},"msg":"incoming request"}
2026-04-15 11:26:27 -05:00: {"level":30,"time":1776270387465,"pid":10708,"hostname":"DESKTOP-PB9K3UF","reqId":"req-4","res":{"statusCode":200},"responseTime":112.40730000007898,"msg":"request completed"}
2026-04-15 11:26:47 -05:00: {"level":30,"time":1776270407009,"pid":10708,"hostname":"DESKTOP-PB9K3UF","reqId":"req-5","req":{"method":"POST","url":"/api/auth/register/verificar","hostname":"seguridad.spartanfitsystem.com","remoteAddress":"127.0.0.1","remotePort":63959},"msg":"incoming request"}
2026-04-15 11:26:47 -05:00: {"level":30,"time":1776270407068,"pid":10708,"hostname":"DESKTOP-PB9K3UF","reqId":"req-5","res":{"statusCode":200},"responseTime":58.5855000000447,"msg":"request completed"}
2026-04-15 11:43:39 -05:00: {"level":30,"time":1776271419807,"pid":10708,"hostname":"DESKTOP-PB9K3UF","reqId":"req-6","req":{"method":"POST","url":"/api/auth/login-local","hostname":"seguridad.spartanfitsystem.com","remoteAddress":"127.0.0.1","remotePort":64669},"msg":"incoming request"}
2026-04-15 11:43:39 -05:00: {"level":50,"time":1776271419811,"pid":10708,"hostname":"DESKTOP-PB9K3UF","err":{"type":"ZodError","message":"[\n  {\n    \"code\": \"invalid_type\",\n    \"expected\": \"string\",\n    \"received\": \"undefined\",\n    \"path\": [\n      \"identificador\"\n    ],\n    \"message\": \"Required\"\n  }\n]","stack":"ZodError: [\n  {\n    \"code\": \"invalid_type\",\n    \"expected\": \"string\",\n    \"received\": \"undefined\",\n    \"path\": [\n      \"identificador\"\n    ],\n    \"message\": \"Required\"\n  }\n]\n    at get error (file:///C:/Users/Usuario/Documents/PROYECTOS/ms-final/ms-final/node_modules/zod/v3/types.js:39:31)\n    at ZodObject.parse (file:///C:/Users/Usuario/Documents/PROYECTOS/ms-final/ms-final/node_modules/zod/v3/types.js:114:22)\n    at C:\\Users\\Usuario\\Documents\\PROYECTOS\\ms-final\\ms-final\\node_modules\\fastify-type-provider-zod\\dist\\index.js:68:32\n    at validateParam (C:\\Users\\Usuario\\Documents\\PROYECTOS\\ms-final\\ms-final\\node_modules\\fastify\\lib\\validation.js:120:36)\n    at validate (C:\\Users\\Usuario\\Documents\\PROYECTOS\\ms-final\\ms-final\\node_modules\\fastify\\lib\\validation.js:164:18)\n    at preValidationCallback (C:\\Users\\Usuario\\Documents\\PROYECTOS\\ms-final\\ms-final\\node_modules\\fastify\\lib\\handleRequest.js:93:25)\n    at handler (C:\\Users\\Usuario\\Documents\\PROYECTOS\\ms-final\\ms-final\\node_modules\\fastify\\lib\\handleRequest.js:77:7)\n    at C:\\Users\\Usuario\\Documents\\PROYECTOS\\ms-final\\ms-final\\node_modules\\fastify\\lib\\contentTypeParser.js:199:9\n    at AsyncResource.runInAsyncScope (node:async_hooks:228:14)\n    at done (C:\\Users\\Usuario\\Documents\\PROYECTOS\\ms-final\\ms-final\\node_modules\\fastify\\lib\\contentTypeParser.js:192:14)","aggregateErrors":[{"type":"Object","message":"Required","stack":"","code":"invalid_type","expected":"string","received":"undefined","path":["identificador"]}],"issues":[{"code":"invalid_type","expected":"string","received":"undefined","path":["identificador"],"message":"Required"}],"name":"ZodError","statusCode":400,"code":"FST_ERR_VALIDATION","validationContext":"body"},"msg":"[\n  {\n    \"code\": \"invalid_type\",\n    \"expected\": \"string\",\n    \"received\": \"undefined\",\n    \"path\": [\n      \"identificador\"\n    ],\n    \"message\": \"Required\"\n  }\n]"}
2026-04-15 11:43:39 -05:00: {"level":30,"time":1776271419814,"pid":10708,"hostname":"DESKTOP-PB9K3UF","reqId":"req-6","res":{"statusCode":400},"responseTime":6.758900000248104,"msg":"request completed"}
